This is pdfTeX, Version 3.141592653-2.6-1.40.28 (TeX Live 2025/Debian) (preloaded format=pdflatex 2025.12.22)  25 DEC 2025 22:51
entering extended mode
 restricted \write18 enabled.
 %&-line parsing enabled.
**main.tex
(./main.tex
LaTeX2e <2025-11-01>
L3 programming layer <2025-11-14>
(/usr/share/texlive/texmf-dist/tex/latex/koma-script/scrbook.cls
Document Class: scrbook 2025/09/09 v3.48 KOMA-Script document class (book)
(/usr/share/texlive/texmf-dist/tex/latex/koma-script/scrkbase.sty
Package: scrkbase 2025/09/09 v3.48 KOMA-Script package (KOMA-Script-dependent b
asics and keyval usage)

(/usr/share/texlive/texmf-dist/tex/latex/koma-script/scrbase.sty
Package: scrbase 2025/09/09 v3.48 KOMA-Script package (KOMA-Script-independent 
basics and keyval usage)

(/usr/share/texlive/texmf-dist/tex/latex/koma-script/scrlfile.sty
Package: scrlfile 2025/09/09 v3.48 KOMA-Script package (file load hooks)

(/usr/share/texlive/texmf-dist/tex/latex/koma-script/scrlfile-hook.sty
Package: scrlfile-hook 2025/09/09 v3.48 KOMA-Script package (using LaTeX hooks)


(/usr/share/texlive/texmf-dist/tex/latex/koma-script/scrlogo.sty
Package: scrlogo 2025/09/09 v3.48 KOMA-Script package (logo)
)))
(/usr/share/texlive/texmf-dist/tex/latex/graphics/keyval.sty
Package: keyval 2022/05/29 v1.15 key=value parser (DPC)
\KV@toks@=\toks17
)
Applying: [2021/05/01] Usage of raw or classic option list on input line 254.
Already applied: [0000/00/00] Usage of raw or classic option list on input line
 370.
))
(/usr/share/texlive/texmf-dist/tex/latex/koma-script/tocbasic.sty
Package: tocbasic 2025/09/09 v3.48 KOMA-Script package (handling toc-files)
\scr@dte@tocline@numberwidth=\skip49
\scr@dte@tocline@numbox=\box53
)
Package tocbasic Info: omitting babel extension for `toc'
(tocbasic)             because of feature `nobabel' available
(tocbasic)             for `toc' on input line 143.
Class scrbook Info: File `scrsize11pt.clo' used instead of
(scrbook)           file `scrsize11.clo' to setup font sizes on input line 2710
.

(/usr/share/texlive/texmf-dist/tex/latex/koma-script/scrsize11pt.clo
File: scrsize11pt.clo 2025/09/09 v3.48 KOMA-Script font size class option (11pt
)
)
(/usr/share/texlive/texmf-dist/tex/latex/koma-script/typearea.sty
Package: typearea 2025/09/09 v3.48 KOMA-Script package (type area)
\ta@bcor=\skip50
\ta@div=\count275
\ta@hblk=\skip51
\ta@vblk=\skip52
\ta@temp=\skip53
\footheight=\skip54


Package typearea Info: DIV calculation for classic typearea. on input line 1807
.

Package typearea Info: These are the values describing the layout:
(typearea)             DIV  = 8
(typearea)             BCOR = 0.0pt
(typearea)             \paperwidth      = 597.50793pt
(typearea)              \textwidth      = 373.44246pt
(typearea)              DIV departure   = 0%
(typearea)              \evensidemargin = 77.107pt
(typearea)              \oddsidemargin  = 2.4185pt
(typearea)             \paperheight     = 845.04694pt
(typearea)              \textheight     = 500.60022pt
(typearea)              \topmargin      = 33.36087pt
(typearea)              \headheight     = 17.0pt
(typearea)              \headsep        = 20.40001pt
(typearea)              \topskip        = 11.0pt
(typearea)              \footskip       = 47.6pt
(typearea)              \baselineskip   = 13.6pt
(typearea)              on input line 1807.
)
\c@part=\count276
\c@chapter=\count277
\c@section=\count278
\c@subsection=\count279
\c@subsubsection=\count280
\c@paragraph=\count281
\c@subparagraph=\count282
\scr@dte@chapter@maxnumwidth=\skip55
Class scrbook Info: using compatibility default `afterindent=bysign'
(scrbook)           for `\chapter on input line 6076.
\scr@dte@section@maxnumwidth=\skip56
Class scrbook Info: using compatibility default `runin=bysign'
(scrbook)           for `\section on input line 6087.
Class scrbook Info: using compatibility default `afterindent=bysign'
(scrbook)           for `\section on input line 6087.
\scr@dte@part@maxnumwidth=\skip57
Class scrbook Info: using compatibility default `afterindent=true'
(scrbook)           for `\part on input line 6096.
\scr@dte@subsection@maxnumwidth=\skip58
Class scrbook Info: using compatibility default `runin=bysign'
(scrbook)           for `\subsection on input line 6106.
Class scrbook Info: using compatibility default `afterindent=bysign'
(scrbook)           for `\subsection on input line 6106.
\scr@dte@subsubsection@maxnumwidth=\skip59
Class scrbook Info: using compatibility default `runin=bysign'
(scrbook)           for `\subsubsection on input line 6116.
Class scrbook Info: using compatibility default `afterindent=bysign'
(scrbook)           for `\subsubsection on input line 6116.
\scr@dte@paragraph@maxnumwidth=\skip60
Class scrbook Info: using compatibility default `runin=bysign'
(scrbook)           for `\paragraph on input line 6127.
Class scrbook Info: using compatibility default `afterindent=bysign'
(scrbook)           for `\paragraph on input line 6127.
\scr@dte@subparagraph@maxnumwidth=\skip61
Class scrbook Info: using compatibility default `runin=bysign'
(scrbook)           for `\subparagraph on input line 6137.
Class scrbook Info: using compatibility default `afterindent=bysign'
(scrbook)           for `\subparagraph on input line 6137.
\abovecaptionskip=\skip62
\belowcaptionskip=\skip63
\c@pti@nb@sid@b@x=\box54
Package tocbasic Info: omitting babel extension for `lof'
(tocbasic)             because of feature `nobabel' available
(tocbasic)             for `lof' on input line 7350.
\scr@dte@figure@maxnumwidth=\skip64
\c@figure=\count283
Package tocbasic Info: omitting babel extension for `lot'
(tocbasic)             because of feature `nobabel' available
(tocbasic)             for `lot' on input line 7363.
\scr@dte@table@maxnumwidth=\skip65
\c@table=\count284
Class scrbook Info: Redefining `\numberline' on input line 7534.
\bibindent=\dimen148
)
Package typearea Info: These are the values describing the layout:
(typearea)             DIV  = 11
(typearea)             BCOR = 0.0pt
(typearea)             \paperwidth      = 597.50793pt
(typearea)              \textwidth      = 434.55125pt
(typearea)              DIV departure   = -10%
(typearea)              \evensidemargin = 36.3678pt
(typearea)              \oddsidemargin  = -17.9511pt
(typearea)             \paperheight     = 845.04694pt
(typearea)              \textheight     = 582.20026pt
(typearea)              \topmargin      = 4.55246pt
(typearea)              \headheight     = 17.0pt
(typearea)              \headsep        = 20.40001pt
(typearea)              \topskip        = 11.0pt
(typearea)              \footskip       = 47.6pt
(typearea)              \baselineskip   = 13.6pt
(typearea)              on input line 20.
Class scrbook Info: File `scrsize11pt.clo' used to setup font sizes on input li
ne 20.
 (/usr/share/texlive/texmf-dist/tex/latex/koma-script/scrsize11pt.clo
File: scrsize11pt.clo 2025/09/09 v3.48 KOMA-Script font size class option (11pt
)
)
Package typearea Info: These are the values describing the layout:
(typearea)             DIV  = 11
(typearea)             BCOR = 0.0pt
(typearea)             \paperwidth      = 597.50793pt
(typearea)              \textwidth      = 434.55125pt
(typearea)              DIV departure   = -10%
(typearea)              \evensidemargin = 36.3678pt
(typearea)              \oddsidemargin  = -17.9511pt
(typearea)             \paperheight     = 845.04694pt
(typearea)              \textheight     = 582.20026pt
(typearea)              \topmargin      = 4.55246pt
(typearea)              \headheight     = 17.0pt
(typearea)              \headsep        = 20.40001pt
(typearea)              \topskip        = 11.0pt
(typearea)              \footskip       = 47.6pt
(typearea)              \baselineskip   = 13.6pt
(typearea)              on input line 20.

(/usr/share/texlive/texmf-dist/tex/latex/koma-script/scrlayer-scrpage.sty
Package: scrlayer-scrpage 2025/09/09 v3.48 KOMA-Script package (end user interf
ace for scrlayer)

(/usr/share/texlive/texmf-dist/tex/latex/koma-script/scrlayer.sty
Package: scrlayer 2025/09/09 v3.48 KOMA-Script package (defining layers and pag
e styles)
Package scrlayer Info: patching LaTeX kernel macro \pagestyle on input line 217
9.
)
Package scrlayer-scrpage Info: Makeing stand-alone element `pagehead' from
(scrlayer-scrpage)             alias to `pageheadfoot' on input line 1106.
)
(/usr/share/texlive/texmf-dist/tex/latex/graphics/graphicx.sty
Package: graphicx 2024/12/31 v1.2e Enhanced LaTeX Graphics (DPC,SPQR)

(/usr/share/texlive/texmf-dist/tex/latex/graphics/graphics.sty
Package: graphics 2024/08/06 v1.4g Standard LaTeX Graphics (DPC,SPQR)

(/usr/share/texlive/texmf-dist/tex/latex/graphics/trig.sty
Package: trig 2023/12/02 v1.11 sin cos tan (DPC)
)
(/usr/share/texlive/texmf-dist/tex/latex/graphics-cfg/graphics.cfg
File: graphics.cfg 2016/06/04 v1.11 sample graphics configuration
)
Package graphics Info: Driver file: pdftex.def on input line 106.

(/usr/share/texlive/texmf-dist/tex/latex/graphics-def/pdftex.def
File: pdftex.def 2025/09/29 v1.2d Graphics/color driver for pdftex
))
\Gin@req@height=\dimen149
\Gin@req@width=\dimen150
)
(/usr/share/texlive/texmf-dist/tex/generic/babel/babel.sty
Package: babel 2025/11/23 v25.16 The multilingual framework for LuaLaTeX, pdfLa
TeX and XeLaTeX
\babel@savecnt=\count285
LaTeX Encoding Info:    Redeclaring text command \ij (encoding OT1) on input li
ne 2050.
LaTeX Encoding Info:    Redeclaring text command \IJ (encoding OT1) on input li
ne 2052.
LaTeX Encoding Info:    Redeclaring text command \ij (encoding T1) on input lin
e 2054.
LaTeX Encoding Info:    Redeclaring text command \IJ (encoding T1) on input lin
e 2055.
LaTeX Encoding Info:    Ignoring declaration for text command \ij (encoding ?) 
on input line 2056.
LaTeX Encoding Info:    Ignoring declaration for text command \IJ (encoding ?) 
on input line 2058.
LaTeX Encoding Info:    Ignoring declaration for text command \SS (encoding ?) 
on input line 2083.
\U@D=\dimen151
\l@unhyphenated=\language12

(/usr/share/texlive/texmf-dist/tex/generic/babel/txtbabel.def)
\bbl@readstream=\read2
\bbl@dirlevel=\count286

(/usr/share/texlive/texmf-dist/tex/generic/babel/locale/invalid/babel-ngerman.t
ex)
(/usr/share/texlive/texmf-dist/tex/generic/babel/locale/en/babel-english.tex)
Package babel Info: Importing font and identification data for ngerman
(babel)             from babel-de.ini. Reported on input line 4298.

(/usr/share/texlive/texmf-dist/tex/generic/babel-german/ngerman.ldf
Language: ngerman 2024/12/10 v2.15 German support for babel (post-1996 orthogra
phy)

(/usr/share/texlive/texmf-dist/tex/generic/babel-german/ngermanb.ldf
Language: ngermanb 2024/12/10 v2.15 German support for babel (post-1996 orthogr
aphy)
Package babel Info: Making " an active character on input line 122.
))
Package babel Info: Importing font and identification data for english
(babel)             from babel-en.ini. Reported on input line 4298.

(/usr/share/texlive/texmf-dist/tex/generic/babel-english/english.ldf
Language: english 2017/06/06 v3.3r English support from the babel system
Package babel Info: Hyphen rules for 'british' set to \l@english
(babel)             (\language0). Reported on input line 82.
Package babel Info: Hyphen rules for 'UKenglish' set to \l@english
(babel)             (\language0). Reported on input line 83.
Package babel Info: Hyphen rules for 'canadian' set to \l@english
(babel)             (\language0). Reported on input line 102.
Package babel Info: Hyphen rules for 'australian' set to \l@english
(babel)             (\language0). Reported on input line 105.
Package babel Info: Hyphen rules for 'newzealand' set to \l@english
(babel)             (\language0). Reported on input line 108.
))
(/usr/share/texlive/texmf-dist/tex/latex/base/fontenc.sty
Package: fontenc 2025/07/18 v2.1d Standard LaTeX package
)
(/usr/share/texlive/texmf-dist/tex/latex/base/inputenc.sty
Package: inputenc 2024/02/08 v1.3d Input encoding file
\inpenc@prehook=\toks18
\inpenc@posthook=\toks19
)
(/usr/share/texlive/texmf-dist/tex/latex/amsmath/amsmath.sty
Package: amsmath 2025/07/09 v2.17z AMS math features
\@mathmargin=\skip66

For additional information on amsmath, use the `?' option.
(/usr/share/texlive/texmf-dist/tex/latex/amsmath/amstext.sty
Package: amstext 2024/11/17 v2.01 AMS text

(/usr/share/texlive/texmf-dist/tex/latex/amsmath/amsgen.sty
File: amsgen.sty 1999/11/30 v2.0 generic functions
\@emptytoks=\toks20
\ex@=\dimen152
))
(/usr/share/texlive/texmf-dist/tex/latex/amsmath/amsbsy.sty
Package: amsbsy 1999/11/29 v1.2d Bold Symbols
\pmbraise@=\dimen153
)
(/usr/share/texlive/texmf-dist/tex/latex/amsmath/amsopn.sty
Package: amsopn 2022/04/08 v2.04 operator names
)
\inf@bad=\count287
LaTeX Info: Redefining \frac on input line 233.
\uproot@=\count288
\leftroot@=\count289
LaTeX Info: Redefining \overline on input line 398.
LaTeX Info: Redefining \colon on input line 409.
\classnum@=\count290
\DOTSCASE@=\count291
LaTeX Info: Redefining \ldots on input line 495.
LaTeX Info: Redefining \dots on input line 498.
LaTeX Info: Redefining \cdots on input line 619.
\Mathstrutbox@=\box55
\strutbox@=\box56
LaTeX Info: Redefining \big on input line 721.
LaTeX Info: Redefining \Big on input line 722.
LaTeX Info: Redefining \bigg on input line 723.
LaTeX Info: Redefining \Bigg on input line 724.
\big@size=\dimen154
LaTeX Font Info:    Redeclaring font encoding OML on input line 742.
LaTeX Font Info:    Redeclaring font encoding OMS on input line 743.
\macc@depth=\count292
LaTeX Info: Redefining \bmod on input line 904.
LaTeX Info: Redefining \pmod on input line 909.
LaTeX Info: Redefining \smash on input line 939.
LaTeX Info: Redefining \relbar on input line 969.
LaTeX Info: Redefining \Relbar on input line 970.
\c@MaxMatrixCols=\count293
\dotsspace@=\muskip17
\c@parentequation=\count294
\dspbrk@lvl=\count295
\tag@help=\toks21
\row@=\count296
\column@=\count297
\maxfields@=\count298
\andhelp@=\toks22
\eqnshift@=\dimen155
\alignsep@=\dimen156
\tagshift@=\dimen157
\tagwidth@=\dimen158
\totwidth@=\dimen159
\lineht@=\dimen160
\@envbody=\toks23
\multlinegap=\skip67
\multlinetaggap=\skip68
\mathdisplay@stack=\toks24
LaTeX Info: Redefining \[ on input line 2950.
LaTeX Info: Redefining \] on input line 2951.
)
(/usr/share/texlive/texmf-dist/tex/latex/amsfonts/amssymb.sty
Package: amssymb 2013/01/14 v3.01 AMS font symbols

(/usr/share/texlive/texmf-dist/tex/latex/amsfonts/amsfonts.sty
Package: amsfonts 2013/01/14 v3.01 Basic AMSFonts support
\symAMSa=\mathgroup4
\symAMSb=\mathgroup5
LaTeX Font Info:    Redeclaring math symbol \hbar on input line 98.
LaTeX Font Info:    Overwriting math alphabet `\mathfrak' in version `bold'
(Font)                  U/euf/m/n --> U/euf/b/n on input line 106.
))
(/usr/share/texlive/texmf-dist/tex/latex/tools/tabularx.sty
Package: tabularx 2023/12/11 v2.12a `tabularx' package (DPC)

(/usr/share/texlive/texmf-dist/tex/latex/tools/array.sty
Package: array 2025/09/25 v2.6n Tabular extension package (FMi)
\col@sep=\dimen161
\ar@mcellbox=\box57
\extrarowheight=\dimen162
\NC@list=\toks25
\extratabsurround=\skip69
\backup@length=\skip70
\ar@cellbox=\box58
)
\TX@col@width=\dimen163
\TX@old@table=\dimen164
\TX@old@col=\dimen165
\TX@target=\dimen166
\TX@delta=\dimen167
\TX@cols=\count299
\TX@ftn=\toks26
)
(/usr/share/texlive/texmf-dist/tex/latex/threeparttable/threeparttable.sty
Package: threeparttable 2003/06/13  v 3.0
\@tempboxb=\box59
)
(/usr/share/texlive/texmf-dist/tex/latex/pdflscape/pdflscape.sty
Package: pdflscape 2025-06-23 v0.14 Display of landscape pages in PDF

(/usr/share/texlive/texmf-dist/tex/latex/pdflscape/pdflscape-nometadata.sty
Package: pdflscape-nometadata 2025-06-23 v0.14 Display of landscape pages in PD
F (HO)

(/usr/share/texlive/texmf-dist/tex/generic/iftex/iftex.sty
Package: iftex 2024/12/12 v1.0g TeX engine tests
)
(/usr/share/texlive/texmf-dist/tex/latex/graphics/lscape.sty
Package: lscape 2020/05/28 v3.02 Landscape Pages (DPC)
)
Package pdflscape Info: Auto-detected driver: pdftex on input line 81.
))
(/usr/share/texlive/texmf-dist/tex/latex/base/textcomp.sty
Package: textcomp 2024/04/24 v2.1b Standard LaTeX package
)
(/usr/share/texmf/tex/latex/lm/lmodern.sty
Package: lmodern 2015/05/01 v1.6.1 Latin Modern Fonts
LaTeX Font Info:    Overwriting symbol font `operators' in version `normal'
(Font)                  OT1/cmr/m/n --> OT1/lmr/m/n on input line 22.
LaTeX Font Info:    Overwriting symbol font `letters' in version `normal'
(Font)                  OML/cmm/m/it --> OML/lmm/m/it on input line 23.
LaTeX Font Info:    Overwriting symbol font `symbols' in version `normal'
(Font)                  OMS/cmsy/m/n --> OMS/lmsy/m/n on input line 24.
LaTeX Font Info:    Overwriting symbol font `largesymbols' in version `normal'
(Font)                  OMX/cmex/m/n --> OMX/lmex/m/n on input line 25.
LaTeX Font Info:    Overwriting symbol font `operators' in version `bold'
(Font)                  OT1/cmr/bx/n --> OT1/lmr/bx/n on input line 26.
LaTeX Font Info:    Overwriting symbol font `letters' in version `bold'
(Font)                  OML/cmm/b/it --> OML/lmm/b/it on input line 27.
LaTeX Font Info:    Overwriting symbol font `symbols' in version `bold'
(Font)                  OMS/cmsy/b/n --> OMS/lmsy/b/n on input line 28.
LaTeX Font Info:    Overwriting symbol font `largesymbols' in version `bold'
(Font)                  OMX/cmex/m/n --> OMX/lmex/m/n on input line 29.
LaTeX Font Info:    Overwriting math alphabet `\mathbf' in version `normal'
(Font)                  OT1/cmr/bx/n --> OT1/lmr/bx/n on input line 31.
LaTeX Font Info:    Overwriting math alphabet `\mathsf' in version `normal'
(Font)                  OT1/cmss/m/n --> OT1/lmss/m/n on input line 32.
LaTeX Font Info:    Overwriting math alphabet `\mathit' in version `normal'
(Font)                  OT1/cmr/m/it --> OT1/lmr/m/it on input line 33.
LaTeX Font Info:    Overwriting math alphabet `\mathtt' in version `normal'
(Font)                  OT1/cmtt/m/n --> OT1/lmtt/m/n on input line 34.
LaTeX Font Info:    Overwriting math alphabet `\mathbf' in version `bold'
(Font)                  OT1/cmr/bx/n --> OT1/lmr/bx/n on input line 35.
LaTeX Font Info:    Overwriting math alphabet `\mathsf' in version `bold'
(Font)                  OT1/cmss/bx/n --> OT1/lmss/bx/n on input line 36.
LaTeX Font Info:    Overwriting math alphabet `\mathit' in version `bold'
(Font)                  OT1/cmr/bx/it --> OT1/lmr/bx/it on input line 37.
LaTeX Font Info:    Overwriting math alphabet `\mathtt' in version `bold'
(Font)                  OT1/cmtt/m/n --> OT1/lmtt/m/n on input line 38.
)
(/usr/share/texlive/texmf-dist/tex/latex/placeins/placeins.sty
Package: placeins 2005/04/18  v 2.2
)
(/usr/share/texlive/texmf-dist/tex/latex/eurosym/eurosym.sty
Package: eurosym 1998/08/06 v1.1 European currency symbol ``Euro''
\@eurobox=\box60
)
(/usr/share/texlive/texmf-dist/tex/latex/was/icomma.sty
Package: icomma 2002/03/10 v2.0 (WaS)
)
(/usr/share/texlive/texmf-dist/tex/latex/etoolbox/etoolbox.sty
Package: etoolbox 2025/10/02 v2.5m e-TeX tools for LaTeX (JAW)
\etb@tempcnta=\count300
)
(/usr/share/texlive/texmf-dist/tex/latex/geometry/geometry.sty
Package: geometry 2020/01/02 v5.9 Page Geometry

(/usr/share/texlive/texmf-dist/tex/generic/iftex/ifvtex.sty
Package: ifvtex 2019/10/25 v1.7 ifvtex legacy package. Use iftex instead.
)
\Gm@cnth=\count301
\Gm@cntv=\count302
\c@Gm@tempcnt=\count303
\Gm@bindingoffset=\dimen168
\Gm@wd@mp=\dimen169
\Gm@odd@mp=\dimen170
\Gm@even@mp=\dimen171
\Gm@layoutwidth=\dimen172
\Gm@layoutheight=\dimen173
\Gm@layouthoffset=\dimen174
\Gm@layoutvoffset=\dimen175
\Gm@dimlist=\toks27
)
(/usr/share/texlive/texmf-dist/tex/latex/booktabs/booktabs.sty
Package: booktabs 2020/01/12 v1.61803398 Publication quality tables
\heavyrulewidth=\dimen176
\lightrulewidth=\dimen177
\cmidrulewidth=\dimen178
\belowrulesep=\dimen179
\belowbottomsep=\dimen180
\aboverulesep=\dimen181
\abovetopsep=\dimen182
\cmidrulesep=\dimen183
\cmidrulekern=\dimen184
\defaultaddspace=\dimen185
\@cmidla=\count304
\@cmidlb=\count305
\@aboverulesep=\dimen186
\@belowrulesep=\dimen187
\@thisruleclass=\count306
\@lastruleclass=\count307
\@thisrulewidth=\dimen188
)
(/usr/share/texlive/texmf-dist/tex/latex/colortbl/colortbl.sty
Package: colortbl 2024/10/29 v1.0k Color table columns (DPC)

(/usr/share/texlive/texmf-dist/tex/latex/graphics/color.sty
Package: color 2025/01/14 v1.3e Standard LaTeX Color (DPC)

(/usr/share/texlive/texmf-dist/tex/latex/graphics-cfg/color.cfg
File: color.cfg 2016/01/02 v1.6 sample color configuration
)
Package color Info: Driver file: pdftex.def on input line 149.

(/usr/share/texlive/texmf-dist/tex/latex/graphics/mathcolor.ltx))
\everycr=\toks28
\minrowclearance=\skip71
\rownum=\count308
)

Class scrbook Warning: Usage of package `tocloft' together
(scrbook)              with a KOMA-Script class is not recommended.
(scrbook)              I'd suggest to use options like `listof=entryprefix',
(scrbook)              commands like `\listoflofentryname' or
(scrbook)              `\listoflotentryname', and `\DeclareTOCStyleEntry' or
(scrbook)              `\RedeclareSectionCommand' instead of this package,
(scrbook)              because it breaks several KOMA-Script features of
(scrbook)              the list of figures, list of tables and table of
(scrbook)              contents, i.e., options like `listof=numbered',
(scrbook)              `listof=flat or `toc=flat', commands like
(scrbook)              `\BeforeTOCHead{...}' and `\AfterTOCHead{...}',
(scrbook)              `\BeforeStartingTOC{...}' and \AfterStartingTOC{...}',
(scrbook)              all features of `\DeclareTOCStyleEntry',
(scrbook)              and the ToC entry features of `\DeclareSecionCommand'
(scrbook)              and `\RedeclareSectionCommand' of levels
(scrbook)              `part', `section', `subsection',
(scrbook)              `subsubsection', `paragraph' and `subparagraph'.
(scrbook)              Nevertheless, using requested
(scrbook)              package `tocloft' on input line 74.

(/usr/share/texlive/texmf-dist/tex/latex/tocloft/tocloft.sty
Package: tocloft 2017/08/31 v2.3i parameterised ToC, etc., typesetting
Package tocloft Info: The document has chapter divisions on input line 51.
\cftparskip=\skip72
\cftbeforetoctitleskip=\skip73
\cftaftertoctitleskip=\skip74
\cftbeforepartskip=\skip75
\cftpartnumwidth=\skip76
\cftpartindent=\skip77
\cftbeforechapskip=\skip78
\cftchapindent=\skip79
\cftchapnumwidth=\skip80
\cftbeforesecskip=\skip81
\cftsecindent=\skip82
\cftsecnumwidth=\skip83
\cftbeforesubsecskip=\skip84
\cftsubsecindent=\skip85
\cftsubsecnumwidth=\skip86
\cftbeforesubsubsecskip=\skip87
\cftsubsubsecindent=\skip88
\cftsubsubsecnumwidth=\skip89
\cftbeforeparaskip=\skip90
\cftparaindent=\skip91
\cftparanumwidth=\skip92
\cftbeforesubparaskip=\skip93
\cftsubparaindent=\skip94
\cftsubparanumwidth=\skip95
\cftbeforeloftitleskip=\skip96
\cftafterloftitleskip=\skip97
\cftbeforefigskip=\skip98
\cftfigindent=\skip99
\cftfignumwidth=\skip100
\c@lofdepth=\count309
\c@lotdepth=\count310
\cftbeforelottitleskip=\skip101
\cftafterlottitleskip=\skip102
\cftbeforetabskip=\skip103
\cfttabindent=\skip104
\cfttabnumwidth=\skip105
)
(/usr/share/texlive/texmf-dist/tex/latex/paracol/paracol.sty
Package: paracol 2025/07/14 1.37 typeset columns in parallel
\pcol@currcol=\count311
\pcol@nextcol=\count312
\pcol@ncol=\count313
\pcol@ncolleft=\count314
\pcol@page=\count315
\pcol@basepage=\count316
\pcol@toppage=\count317
\pcol@footnotebase=\count318
\pcol@nfootnotes=\count319
\pcol@mcid=\count320
\pcol@prevdepth=\dimen189
\pcol@colht=\dimen190
\pcol@textfloatsep=\dimen191
\pcol@lrmargin=\dimen192
\pagerim=\dimen193
\pcol@topskip=\skip106
\belowfootnoteskip=\skip107
\pcol@topfnotes=\box61
\pcol@prespan=\box62
\pcol@rightpage=\box63
\pcol@colorstack@saved=\box64
\pcol@tempboxa=\box65
\pcol@tempboxb=\box66
\pcol@colorins=\insert252
\pcol@everyvbox=\toks29
)
(/usr/share/texlive/texmf-dist/tex/latex/fancyvrb/fancyvrb.sty
Package: fancyvrb 2025/07/28 4.6 verbatim text (tvz,hv)
\FV@CodeLineNo=\count321
\FV@InFile=\read3
\FV@TabBox=\box67
\c@FancyVerbLine=\count322
\FV@StepNumber=\count323
\FV@OutFile=\write3
)
(/usr/share/texlive/texmf-dist/tex/latex/needspace/needspace.sty
Package: needspace 2025/03/13 v1.3e reserve vertical space
)
(/usr/share/texlive/texmf-dist/tex/latex/tools/longtable.sty
Package: longtable 2025-10-13 v4.24 Multi-page Table package (DPC)
\LTleft=\skip108
\LTright=\skip109
\LTpre=\skip110
\LTpost=\skip111
\LTchunksize=\count324
\LTcapwidth=\dimen194
\LT@head=\box68
\LT@firsthead=\box69
\LT@foot=\box70
\LT@lastfoot=\box71
\LT@gbox=\box72
\LT@cols=\count325
\LT@rows=\count326
\c@LT@tables=\count327
\c@LT@chunks=\count328
\LT@p@ftn=\toks30
)
Class scrbook Info: longtable captions redefined on input line 78.

(/usr/share/texlive/texmf-dist/tex/latex/float/float.sty
Package: float 2001/11/08 v1.3d Float enhancements (AL)
\c@float@type=\count329
\float@exts=\toks31
\float@box=\box73
\@float@everytoks=\toks32
\@floatcapt=\box74
)
(/usr/share/texlive/texmf-dist/tex/latex/verbatimbox/verbatimbox.sty
Package: verbatimbox 2023/08/08 v3.2\ Routines for placing verbatim text into b
oxes, useful in places where the verbatim environment is inaccessible. Secondar
ily, for adding vertical buffer around an object.

(/usr/share/texlive/texmf-dist/tex/latex/tools/verbatim.sty
Package: verbatim 2024-01-22 v1.5x LaTeX2e package for verbatim enhancements
\every@verbatim=\toks33
\verbatim@line=\toks34
\verbatim@in@stream=\read4
)
(/usr/share/texlive/texmf-dist/tex/latex/readarray/readarray.sty
Package: readarray 2021/09/17\ 3.1\ Routines for inputting 2D and 3D array data
 and recalling it on an element-by-element basis.

(/usr/share/texlive/texmf-dist/tex/latex/forloop/forloop.sty
Package: forloop 2023/05/03 v3.0 For Loops for LaTeX

(/usr/share/texlive/texmf-dist/tex/latex/base/ifthen.sty
Package: ifthen 2024/03/16 v1.1e Standard LaTeX ifthen package (DPC)
))
(/usr/share/texlive/texmf-dist/tex/generic/listofitems/listofitems.sty
(/usr/share/texlive/texmf-dist/tex/generic/listofitems/listofitems.tex
\loi_cnt_foreach_nest=\count330
\loi_nestcnt=\count331
)
Package: listofitems 2024/03/09 v1.65 Grab items in lists using user-specified 
sep char (CT)
)
\c@@index=\count332
\c@@plane=\count333
\c@@row=\count334
\c@@col=\count335
\c@use@args=\count336
\c@@record=\count337
\c@index@count=\count338
\Arg@toks=\toks35
\@arrayident@toks=\toks36
\rdar@file=\read5
\readarrayendlinechar=\count339

readarray: bounds checking OFF
)
\savedverbbox=\box75
\c@VerbboxLineNo=\count340
\boxtopsep=\dimen195
\boxbottomsep=\dimen196
\ps@tempdima=\dimen197
\ps@tempboxa=\box76
\boxtop@sep=\skip112
\boxbottom@sep=\skip113
) (/usr/share/texlive/texmf-dist/tex/latex/microtype/microtype.sty
Package: microtype 2025/07/09 v3.2b Micro-typographical refinements (RS)
\MT@toks=\toks37
\MT@tempbox=\box77
\MT@count=\count341
LaTeX Info: Redefining \noprotrusionifhmode on input line 1087.
LaTeX Info: Redefining \leftprotrusion on input line 1088.
\MT@prot@toks=\toks38
LaTeX Info: Redefining \rightprotrusion on input line 1107.
LaTeX Info: Redefining \textls on input line 1449.
\MT@outer@kern=\dimen198
LaTeX Info: Redefining \microtypecontext on input line 2053.
LaTeX Info: Redefining \textmicrotypecontext on input line 2070.
\MT@listname@count=\count342

(/usr/share/texlive/texmf-dist/tex/latex/microtype/microtype-pdftex.def
File: microtype-pdftex.def 2025/07/09 v3.2b Definitions specific to pdftex (RS)

LaTeX Info: Redefining \lsstyle on input line 944.
LaTeX Info: Redefining \lslig on input line 944.
\MT@outer@space=\skip114
)
Package microtype Info: Loading configuration file microtype.cfg.

(/usr/share/texlive/texmf-dist/tex/latex/microtype/microtype.cfg
File: microtype.cfg 2025/07/09 v3.2b microtype main configuration file (RS)
)
LaTeX Info: Redefining \microtypesetup on input line 3065.
)
(/usr/share/texlive/texmf-dist/tex/latex/textcase/textcase.sty
Package: textcase 2025/02/16 v1.05 Text only upper/lower case changing (DPC)
Package textcase Info: Defining Legacy names on input line 20.
)
(/usr/share/texlive/texmf-dist/tex/latex/tools/calc.sty
Package: calc 2025/03/01 v4.3b Infix arithmetic (KKT,FJ)
\calc@Acount=\count343
\calc@Bcount=\count344
\calc@Adimen=\dimen199
\calc@Bdimen=\dimen256
\calc@Askip=\skip115
\calc@Bskip=\skip116
LaTeX Info: Redefining \setlength on input line 86.
LaTeX Info: Redefining \addtolength on input line 87.
\calc@Ccount=\count345
\calc@Cskip=\skip117
)
(/usr/share/texlive/texmf-dist/tex/latex/ragged2e/ragged2e.sty
Package: ragged2e 2023/06/22 v3.6 ragged2e Package
\CenteringLeftskip=\skip118
\RaggedLeftLeftskip=\skip119
\RaggedRightLeftskip=\skip120
\CenteringRightskip=\skip121
\RaggedLeftRightskip=\skip122
\RaggedRightRightskip=\skip123
\CenteringParfillskip=\skip124
\RaggedLeftParfillskip=\skip125
\RaggedRightParfillskip=\skip126
\JustifyingParfillskip=\skip127
\CenteringParindent=\skip128
\RaggedLeftParindent=\skip129
\RaggedRightParindent=\skip130
\JustifyingParindent=\skip131
)
(/usr/share/texlive/texmf-dist/tex/latex/caption/caption.sty
Package: caption 2023/08/05 v3.6o Customizing captions (AR)

(/usr/share/texlive/texmf-dist/tex/latex/caption/caption3.sty
Package: caption3 2023/07/31 v2.4d caption3 kernel (AR)
\caption@tempdima=\dimen257
\captionmargin=\dimen258
\caption@leftmargin=\dimen259
\caption@rightmargin=\dimen260
\caption@width=\dimen261
\caption@indent=\dimen262
\caption@parindent=\dimen263
\caption@hangindent=\dimen264
Package caption Info: Unknown document class (or package),
(caption)             standard defaults will be used.
Package caption Info: \@makecaption = \long macro:#1#2->\@abovecaptionbreak \vs
kip \abovecaptionskip \@abovecaptionbreak \@@makecaption \@firstofone {#1}{#2}\
@belowcaptionbreak \vskip \belowcaptionskip \@belowcaptionbreak  on input line 
1175.
)

Package caption Warning: Unknown document class (or package),
(caption)                standard defaults will be used.
See the caption package documentation for explanation.

\c@caption@flags=\count346
\c@continuedfloat=\count347
Package caption Info: float package is loaded.
Package caption Info: longtable package is loaded.
(/usr/share/texlive/texmf-dist/tex/latex/caption/ltcaption.sty
Package: ltcaption 2021/01/08 v1.4c longtable captions (AR)
)
Package caption Info: threeparttable package is loaded.
)
(/usr/share/texlive/texmf-dist/tex/latex/sidecap/sidecap.sty
Package: sidecap 2023/01/24 v1.7a SideCap Package (RN/HjG)
\SC@BOXWD=\dimen265
\SC@CAPWD=\dimen266
\SC@tempdima=\dimen267
\SC@tempdimb=\dimen268
\c@SC@C=\count348
\SC@BOX=\box78
)
(/usr/share/texlive/texmf-dist/tex/latex/natbib/natbib.sty
Package: natbib 2010/09/13 8.31b (PWD, AO)
\bibhang=\skip132
\bibsep=\skip133
LaTeX Info: Redefining \cite on input line 694.
\c@NAT@ctr=\count349
)
(/usr/share/texlive/texmf-dist/tex/latex/multirow/multirow.sty
Package: multirow 2024/11/12 v2.9 Span multiple rows of a table
\multirow@colwidth=\skip134
\multirow@cntb=\count350
\multirow@dima=\skip135
\bigstrutjot=\dimen269
)
(/usr/share/texlive/texmf-dist/tex/latex/base/makeidx.sty
Package: makeidx 2021/10/04 v1.0m Standard LaTeX package
)
(/usr/share/texlive/texmf-dist/tex/latex/framed/framed.sty
Package: framed 2011/10/22 v 0.96: framed or shaded text with page breaks
\OuterFrameSep=\skip136
\fb@frw=\dimen270
\fb@frh=\dimen271
\FrameRule=\dimen272
\FrameSep=\dimen273
)
(/usr/share/texlive/texmf-dist/tex/latex/url/url.sty
\Urlmuskip=\muskip18
Package: url 2013/09/16  ver 3.4  Verb mode for urls, etc.
)
(/usr/share/texlive/texmf-dist/tex/latex/setspace/setspace.sty
Package: setspace 2022/12/04 v6.7b set line spacing
)
(/usr/share/texlive/texmf-dist/tex/latex/listings/listings.sty
\lst@mode=\count351
\lst@gtempboxa=\box79
\lst@token=\toks39
\lst@length=\count352
\lst@currlwidth=\dimen274
\lst@column=\count353
\lst@pos=\count354
\lst@lostspace=\dimen275
\lst@width=\dimen276
\lst@newlines=\count355
\lst@lineno=\count356
\lst@maxwidth=\dimen277

(/usr/share/texlive/texmf-dist/tex/latex/listings/lstpatch.sty
File: lstpatch.sty 2025/11/14 1.11b (Carsten Heinz)
)
(/usr/share/texlive/texmf-dist/tex/latex/listings/lstmisc.sty
File: lstmisc.sty 2025/11/14 1.11b (Carsten Heinz)
\c@lstnumber=\count357
\lst@skipnumbers=\count358
\lst@framebox=\box80
)
(/usr/share/texlive/texmf-dist/tex/latex/listings/listings.cfg
File: listings.cfg 2025/11/14 1.11b listings configuration
))
Package: listings 2025/11/14 1.11b (Carsten Heinz)

==> First Aid for listings.sty no longer applied!
    Expected:
        2024/09/23 1.10c (Carsten Heinz)
    but found:
        2025/11/14 1.11b (Carsten Heinz)
    so I'm assuming it got fixed.
(/usr/share/texlive/texmf-dist/tex/latex/xcolor/xcolor.sty
Package: xcolor 2024/09/29 v3.02 LaTeX color extensions (UK)

(/usr/share/texlive/texmf-dist/tex/latex/graphics-cfg/color.cfg
File: color.cfg 2016/01/02 v1.6 sample color configuration
)
Package xcolor Info: Driver file: pdftex.def on input line 274.
LaTeX Info: Redefining \color on input line 762.

(/usr/share/texlive/texmf-dist/tex/latex/graphics/mathcolor.ltx)
Package xcolor Info: Model `cmy' substituted by `cmy0' on input line 1349.
Package xcolor Info: Model `hsb' substituted by `rgb' on input line 1353.
Package xcolor Info: Model `RGB' extended on input line 1365.
Package xcolor Info: Model `HTML' substituted by `rgb' on input line 1367.
Package xcolor Info: Model `Hsb' substituted by `hsb' on input line 1368.
Package xcolor Info: Model `tHsb' substituted by `hsb' on input line 1369.
Package xcolor Info: Model `HSB' substituted by `hsb' on input line 1370.
Package xcolor Info: Model `Gray' substituted by `gray' on input line 1371.
Package xcolor Info: Model `wave' substituted by `hsb' on input line 1372.
) (./out.sty
(/usr/share/texlive/texmf-dist/tex/latex/graphics/rotating.sty
Package: rotating 2025/01/14 v2.16e rotated objects in LaTeX
\c@r@tfl@t=\count359
\rotFPtop=\skip137
\rotFPbot=\skip138
\rot@float@box=\box81
\rot@mess@toks=\toks40
))
(/usr/share/texlive/texmf-dist/tex/latex/imakeidx/imakeidx.sty
Package: imakeidx 2016/10/15 v1.3e Package for typesetting indices in a synchro
nous mode

(/usr/share/texlive/texmf-dist/tex/latex/xkeyval/xkeyval.sty
Package: xkeyval 2025/11/04 v2.10 package option processing (HA)

(/usr/share/texlive/texmf-dist/tex/generic/xkeyval/xkeyval.tex
(/usr/share/texlive/texmf-dist/tex/generic/xkeyval/xkvutils.tex
\XKV@toks=\toks41
\XKV@tempa@toks=\toks42
\XKV@tempb@toks=\toks43
)
\XKV@depth=\count360
File: xkeyval.tex 2014/12/03 v2.7a key=value parser (HA)
))
(/usr/share/texlive/texmf-dist/tex/generic/iftex/ifxetex.sty
Package: ifxetex 2019/10/25 v0.7 ifxetex legacy package. Use iftex instead.
)
(/usr/share/texlive/texmf-dist/tex/generic/iftex/ifluatex.sty
Package: ifluatex 2019/10/25 v1.5 ifluatex legacy package. Use iftex instead.
)
(/usr/share/texlive/texmf-dist/tex/latex/tools/multicol.sty
Package: multicol 2025/10/21 v2.0b multicolumn formatting (FMi)
\c@tracingmulticols=\count361
\mult@box=\box82
\multicol@leftmargin=\dimen278
\c@unbalance=\count362
\c@collectmore=\count363
\doublecol@number=\count364
\multicoltolerance=\count365
\multicolpretolerance=\count366
\full@width=\dimen279
\page@free=\dimen280
\premulticols=\dimen281
\postmulticols=\dimen282
\multicolsep=\skip139
\multicolbaselineskip=\skip140
\partial@page=\box83
\last@line=\box84
\mc@boxedresult=\box85
\maxbalancingoverflow=\dimen283
\mult@rightbox=\box86
\mult@grightbox=\box87
\mult@firstbox=\box88
\mult@gfirstbox=\box89
\@tempa=\box90
\@tempa=\box91
\@tempa=\box92
\@tempa=\box93
\@tempa=\box94
\@tempa=\box95
\@tempa=\box96
\@tempa=\box97
\@tempa=\box98
\@tempa=\box99
\@tempa=\box100
\@tempa=\box101
\@tempa=\box102
\@tempa=\box103
\@tempa=\box104
\@tempa=\box105
\@tempa=\box106
\@tempa=\box107
\@tempa=\box108
\@tempa=\box109
\@tempa=\box110
\@tempa=\box111
\@tempa=\box112
\@tempa=\box113
\@tempa=\box114
\@tempa=\box115
\@tempa=\box116
\@tempa=\box117
\@tempa=\box118
\@tempa=\box119
\@tempa=\box120
\@tempa=\box121
\@tempa=\box122
\@tempa=\box123
\@tempa=\box124
\@tempa=\box125
\c@minrows=\count367
\c@columnbadness=\count368
\c@finalcolumnbadness=\count369
\last@try=\dimen284
\multicolovershoot=\dimen285
\multicolundershoot=\dimen286
\mult@nat@firstbox=\box126
\colbreak@box=\box127
\mc@col@check@num=\count370
\g__mc_curr_col_int=\count371
))
(/usr/share/texlive/texmf-dist/tex/latex/eso-pic/eso-pic.sty
Package: eso-pic 2023/05/03 v3.0c eso-pic (RN)
\ESO@tempdima=\dimen287
\ESO@tempdimb=\dimen288
)
(/usr/share/texlive/texmf-dist/tex/latex/spreadtab/spreadtab.sty
Package: spreadtab 2025/03/14 v0.61 Spreadsheet features for table environments
 (CT)

(/usr/share/texlive/texmf-dist/tex/generic/xstring/xstring.sty
(/usr/share/texlive/texmf-dist/tex/generic/xstring/xstring.tex
\xs_counta=\count372
\xs_countb=\count373
)
Package: xstring 2023/08/22 v1.86 String manipulations (CT)
)
(/usr/share/texlive/texmf-dist/tex/generic/simplekv/simplekv.sty
(/usr/share/texlive/texmf-dist/tex/generic/simplekv/simplekv.tex)
Package: simplekv 2025/06/15 v0.32 Simple keyval package (CT)
)
\ST_cnt=\count374
\ST_col_cnt=\count375
\ST_col_cnt_a=\count376
\ST_row_cnt=\count377
\ST_row_cnt_a=\count378
\ST_intpart_cnt=\count379
)
(/usr/share/texlive/texmf-dist/tex/latex/numprint/numprint.sty
Package: numprint 2012/08/20 v1.39 Print numbers (HH)
\c@nprt@mantissa@digitsbefore=\count380
\c@nprt@mantissa@digitsafter=\count381
\c@nprt@exponent@digitsbefore=\count382
\c@nprt@exponent@digitsafter=\count383
\nprt@digitwidth=\skip141
\nprt@sepwidth=\skip142
\nprt@decimalwidth=\skip143
\nprt@blockwidth=\skip144
\nprt@digittoks=\toks44
\nprt@pretoks=\toks45
\nprt@posttoks=\toks46
\nprt@thisdigit=\count384
\nprt@curpos=\count385
\nprt@rndpos=\count386
\c@nprt@digitsfirstblock=\count387
\c@nprt@blockcnt=\count388
\c@nprt@cntprint=\count389

No configuration file `numprint.cfg' found.)
(/usr/share/texlive/texmf-dist/tex/latex/hyperref/hyperref.sty
Package: hyperref 2025-07-12 v7.01o Hypertext links for LaTeX

(/usr/share/texlive/texmf-dist/tex/latex/kvsetkeys/kvsetkeys.sty
Package: kvsetkeys 2022-10-05 v1.19 Key value parser (HO)
)
(/usr/share/texlive/texmf-dist/tex/generic/kvdefinekeys/kvdefinekeys.sty
Package: kvdefinekeys 2019-12-19 v1.6 Define keys (HO)
)
(/usr/share/texlive/texmf-dist/tex/generic/pdfescape/pdfescape.sty
Package: pdfescape 2019/12/09 v1.15 Implements pdfTeX's escape features (HO)

(/usr/share/texlive/texmf-dist/tex/generic/ltxcmds/ltxcmds.sty
Package: ltxcmds 2023-12-04 v1.26 LaTeX kernel commands for general use (HO)
)
(/usr/share/texlive/texmf-dist/tex/generic/pdftexcmds/pdftexcmds.sty
Package: pdftexcmds 2020-06-27 v0.33 Utility functions of pdfTeX for LuaTeX (HO
)

(/usr/share/texlive/texmf-dist/tex/generic/infwarerr/infwarerr.sty
Package: infwarerr 2019/12/03 v1.5 Providing info/warning/error messages (HO)
)
Package pdftexcmds Info: \pdf@primitive is available.
Package pdftexcmds Info: \pdf@ifprimitive is available.
Package pdftexcmds Info: \pdfdraftmode found.
))
(/usr/share/texlive/texmf-dist/tex/latex/hycolor/hycolor.sty
Package: hycolor 2020-01-27 v1.10 Color options for hyperref/bookmark (HO)
)
(/usr/share/texlive/texmf-dist/tex/latex/hyperref/nameref.sty
Package: nameref 2025-06-21 v2.57 Cross-referencing by name of section

(/usr/share/texlive/texmf-dist/tex/latex/refcount/refcount.sty
Package: refcount 2019/12/15 v3.6 Data extraction from label references (HO)
)
(/usr/share/texlive/texmf-dist/tex/generic/gettitlestring/gettitlestring.sty
Package: gettitlestring 2019/12/15 v1.6 Cleanup title references (HO)

(/usr/share/texlive/texmf-dist/tex/latex/kvoptions/kvoptions.sty
Package: kvoptions 2022-06-15 v3.15 Key value format for package options (HO)
))
\c@section@level=\count390
)
(/usr/share/texlive/texmf-dist/tex/generic/stringenc/stringenc.sty
Package: stringenc 2019/11/29 v1.12 Convert strings between diff. encodings (HO
)
)
\@linkdim=\dimen289
\Hy@linkcounter=\count391
\Hy@pagecounter=\count392

(/usr/share/texlive/texmf-dist/tex/latex/hyperref/pd1enc.def
File: pd1enc.def 2025-07-12 v7.01o Hyperref: PDFDocEncoding definition (HO)
Now handling font encoding PD1 ...
... no UTF-8 mapping file for font encoding PD1
)
(/usr/share/texlive/texmf-dist/tex/generic/intcalc/intcalc.sty
Package: intcalc 2019/12/15 v1.3 Expandable calculations with integers (HO)
)
\Hy@SavedSpaceFactor=\count393

(/usr/share/texlive/texmf-dist/tex/latex/hyperref/puenc.def
File: puenc.def 2025-07-12 v7.01o Hyperref: PDF Unicode definition (HO)
Now handling font encoding PU ...
... no UTF-8 mapping file for font encoding PU
)
Package hyperref Info: Hyper figures OFF on input line 4195.
Package hyperref Info: Link nesting OFF on input line 4200.
Package hyperref Info: Hyper index ON on input line 4203.
Package hyperref Info: Plain pages OFF on input line 4210.
Package hyperref Info: Backreferencing OFF on input line 4215.
Package hyperref Info: Implicit mode ON; LaTeX internals redefined.
Package hyperref Info: Bookmarks ON on input line 4462.
\c@Hy@tempcnt=\count394
LaTeX Info: Redefining \url on input line 4801.
\XeTeXLinkMargin=\dimen290

(/usr/share/texlive/texmf-dist/tex/generic/bitset/bitset.sty
Package: bitset 2019/12/09 v1.3 Handle bit-vector datatype (HO)

(/usr/share/texlive/texmf-dist/tex/generic/bigintcalc/bigintcalc.sty
Package: bigintcalc 2019/12/15 v1.5 Expandable calculations on big integers (HO
)
))
\Fld@menulength=\count395
\Field@Width=\dimen291
\Fld@charsize=\dimen292
Package hyperref Info: Hyper figures OFF on input line 6078.
Package hyperref Info: Link nesting OFF on input line 6083.
Package hyperref Info: Hyper index ON on input line 6086.
Package hyperref Info: backreferencing OFF on input line 6093.
Package hyperref Info: Link coloring OFF on input line 6098.
Package hyperref Info: Link coloring with OCG OFF on input line 6103.
Package hyperref Info: PDF/A mode OFF on input line 6108.
\Hy@abspage=\count396
\c@Item=\count397
\c@Hfootnote=\count398
)
Package hyperref Info: Driver (autodetected): hpdftex.

(/usr/share/texlive/texmf-dist/tex/latex/hyperref/hpdftex.def
File: hpdftex.def 2025-07-12 v7.01o Hyperref driver for pdfTeX
\Fld@listcount=\count399
\c@bookmark@seq@number=\count400

(/usr/share/texlive/texmf-dist/tex/latex/rerunfilecheck/rerunfilecheck.sty
Package: rerunfilecheck 2025-06-21 v1.11 Rerun checks for auxiliary files (HO)

(/usr/share/texlive/texmf-dist/tex/generic/uniquecounter/uniquecounter.sty
Package: uniquecounter 2019/12/15 v1.4 Provide unlimited unique counter (HO)
)
Package uniquecounter Info: New unique counter `rerunfilecheck' on input line 2
84.
)
\Hy@SectionHShift=\skip145
)
\de@idxfile=\write4
\openout4 = `de.idx'.


Writing index file de.idx
\main@idxfile=\write5
\openout5 = `main.idx'.

Writing index file main.idx
\c@inhaltsverzeichnis=\count401
\cftbeforeinhaltsverzeichnisskip=\skip146
\cftinhaltsverzeichnisindent=\skip147
\cftinhaltsverzeichnisnumwidth=\skip148
\c@deutschestocdepth=\count402
\cftbeforedeutschestoctitleskip=\skip149
\cftafterdeutschestoctitleskip=\skip150
Class scrbook Info: loading recommended package `bookmark'.
(scrbook)           Using `bookmark' together with `hyperref' is recommended,
(scrbook)           because of handling of possible bookmark level gaps.
(scrbook)           You can avoid loading `bookmark' with KOMA-Script option
(scrbook)           `bookmarkpackage=false' before \begin{document} and
(scrbook)           you can avoid this message adding:
(scrbook)             \usepackage{bookmark}
(scrbook)           before \begin{document} on input line 260.
(/usr/share/texlive/texmf-dist/tex/latex/bookmark/bookmark.sty
Package: bookmark 2023-12-10 v1.31 PDF bookmarks (HO)

(/usr/share/texlive/texmf-dist/tex/latex/bookmark/bkm-pdftex.def
File: bkm-pdftex.def 2023-12-10 v1.31 bookmark driver for pdfTeX and luaTeX (HO
)
\BKM@id=\count403
))
LaTeX Font Info:    Trying to load font information for T1+lmr on input line 26
0.

(/usr/share/texmf/tex/latex/lm/t1lmr.fd
File: t1lmr.fd 2015/05/01 v1.6.1 Font defs for Latin Modern
)
(/usr/share/texlive/texmf-dist/tex/latex/l3backend/l3backend-pdftex.def
File: l3backend-pdftex.def 2025-10-09 L3 backend support: PDF output (pdfTeX)
\l__color_backend_stack_int=\count404
)
(./main.aux (./chapter00.aux
Package babel Info: 'ngerman' activates 'ngerman' shorthands.
(babel)             Reported on input line 9.
) (./chapter01.aux) (./chapter02.aux)
(./chapter03.aux) (./chapter04.aux) (./chapter05.aux) (./chapter06.aux)
(./chapter07.aux) (./chapter08.aux))
\openout1 = `main.aux'.

LaTeX Font Info:    Checking defaults for OML/cmm/m/it on input line 260.
LaTeX Font Info:    ... okay on input line 260.
LaTeX Font Info:    Checking defaults for OMS/cmsy/m/n on input line 260.
LaTeX Font Info:    ... okay on input line 260.
LaTeX Font Info:    Checking defaults for OT1/cmr/m/n on input line 260.
LaTeX Font Info:    ... okay on input line 260.
LaTeX Font Info:    Checking defaults for T1/cmr/m/n on input line 260.
LaTeX Font Info:    ... okay on input line 260.
LaTeX Font Info:    Checking defaults for TS1/cmr/m/n on input line 260.
LaTeX Font Info:    ... okay on input line 260.
LaTeX Font Info:    Checking defaults for OMX/cmex/m/n on input line 260.
LaTeX Font Info:    ... okay on input line 260.
LaTeX Font Info:    Checking defaults for U/cmr/m/n on input line 260.
LaTeX Font Info:    ... okay on input line 260.
LaTeX Font Info:    Checking defaults for PD1/pdf/m/n on input line 260.
LaTeX Font Info:    ... okay on input line 260.
LaTeX Font Info:    Checking defaults for PU/pdf/m/n on input line 260.
LaTeX Font Info:    ... okay on input line 260.
Package scrbase Info: activating english \partname on input line 260.
Package scrbase Info: activating english \chaptername on input line 260.
Package scrbase Info: activating english \appendixname on input line 260.
Package scrbase Info: activating english \figurename on input line 260.
Package scrbase Info: activating english \tablename on input line 260.
Package scrbase Info: activating english \contentsname on input line 260.
Package scrbase Info: activating english \listfigurename on input line 260.
Package scrbase Info: activating english \listtablename on input line 260.
Package scrbase Info: activating english \bibname on input line 260.
Package scrbase Info: activating english \indexname on input line 260.

(/usr/share/texlive/texmf-dist/tex/context/base/mkii/supp-pdf.mkii
[Loading MPS to PDF converter (version 2006.09.02).]
\scratchcounter=\count405
\scratchdimen=\dimen293
\scratchbox=\box128
\nofMPsegments=\count406
\nofMParguments=\count407
\everyMPshowfont=\toks47
\MPscratchCnt=\count408
\MPscratchDim=\dimen294
\MPnumerator=\count409
\makeMPintoPDFobject=\count410
\everyMPtoPDFconversion=\toks48
) (/usr/share/texlive/texmf-dist/tex/latex/epstopdf-pkg/epstopdf-base.sty
Package: epstopdf-base 2020-01-24 v2.11 Base part for package epstopdf
Package epstopdf-base Info: Redefining graphics rule for `.eps' on input line 4
85.

(/usr/share/texlive/texmf-dist/tex/latex/latexconfig/epstopdf-sys.cfg
File: epstopdf-sys.cfg 2010/07/13 v1.3 Configuration of (r)epstopdf for TeX Liv
e
))
*geometry* driver: auto-detecting
*geometry* detected driver: pdftex
*geometry* verbose mode - [ preamble ] result:
* driver: pdftex
* paper: a4paper
* layout: <same size as paper>
* layoutoffset:(h,v)=(0.0pt,0.0pt)
* modes: twoside 
* h-part:(L,W,R)=(71.13188pt, 455.24411pt, 71.13188pt)
* v-part:(T,H,B)=(85.35826pt, 688.5567pt, 71.13188pt)
* \paperwidth=597.50787pt
* \paperheight=845.04684pt
* \textwidth=455.24411pt
* \textheight=717.00945pt
* \oddsidemargin=-1.1381pt
* \evensidemargin=-1.1381pt
* \topmargin=-24.31174pt
* \headheight=17.0pt
* \headsep=20.40001pt
* \topskip=11.0pt
* \footskip=47.6pt
* \marginparwidth=81.47833pt
* \marginparsep=12.8401pt
* \columnsep=10.0pt
* \skip\footins=10.0pt plus 4.0pt minus 2.0pt
* \hoffset=0.0pt
* \voffset=0.0pt
* \mag=1000
* \@twocolumnfalse
* \@twosidetrue
* \@mparswitchtrue
* \@reversemarginfalse
* (1in=72.27pt=25.4mm, 1cm=28.453pt)

LaTeX Info: Redefining \microtypecontext on input line 260.
Package microtype Info: Applying patch `item' on input line 260.
Package microtype Info: Applying patch `toc' on input line 260.
Package microtype Info: Applying patch `eqnum' on input line 260.
Package microtype Info: Applying patch `footnote' on input line 260.
Package microtype Info: Applying patch `verbatim' on input line 260.
LaTeX Info: Redefining \microtypesetup on input line 260.
Package microtype Info: Generating PDF output.
Package microtype Info: Character protrusion enabled (level 2).
Package microtype Info: Using default protrusion set `alltext'.
Package microtype Info: Automatic font expansion enabled (level 2),
(microtype)             stretch: 20, shrink: 20, step: 1, non-selected.
Package microtype Info: Using default expansion set `alltext-nott'.
Package microtype Info: Patching command `\showhyphens'.
Package microtype Info: Tracking enabled.
Package microtype Info: Using default tracking set `smallcaps'.
Package microtype Info: No adjustment of interword spacing.
Package microtype Info: Adjustment of character kerning enabled.
Package microtype Info: Using default kerning set `alltext'.
(/usr/share/texlive/texmf-dist/tex/latex/microtype/mt-cmr.cfg
File: mt-cmr.cfg 2013/05/19 v2.2 microtype config. file: Computer Modern Roman 
(RS)
)
Package caption Info: Begin \AtBeginDocument code.
Package caption Info: hyperref package is loaded.
Package caption Info: listings package is loaded.
Package caption Info: rotating package is loaded.
Package caption Info: sidecap package is loaded.
Package caption Info: End \AtBeginDocument code.
\c@lstlisting=\count411
Package tocbasic Info: setting babel extension for `lol' on input line 260.
\scr@dte@lstlisting@maxnumwidth=\skip151
Package hyperref Info: Link coloring OFF on input line 260.
 [1





{/var/lib/texmf/fonts/map/pdftex/updmap/pdftex.map}{/usr/share/texmf/fonts/enc/
dvips/lm/lm-ec.enc}]
\openout2 = `chapter00.aux'.

 (./chapter00.tex
LaTeX Font Info:    Trying to load font information for T1+lmss on input line 6
.
 (/usr/share/texmf/tex/latex/lm/t1lmss.fd
File: t1lmss.fd 2015/05/01 v1.6.1 Font defs for Latin Modern
)
Package microtype Info: Loading generic protrusion settings for font family
(microtype)             `lmss' (encoding: T1).
(microtype)             For optimal results, create family-specific settings.
(microtype)             See the microtype manual for details.
LaTeX Font Info:    Trying to load font information for OT1+lmr on input line 6
4.

(/usr/share/texmf/tex/latex/lm/ot1lmr.fd
File: ot1lmr.fd 2015/05/01 v1.6.1 Font defs for Latin Modern
)
LaTeX Font Info:    Trying to load font information for OML+lmm on input line 6
4.

(/usr/share/texmf/tex/latex/lm/omllmm.fd
File: omllmm.fd 2015/05/01 v1.6.1 Font defs for Latin Modern
)
LaTeX Font Info:    Trying to load font information for OMS+lmsy on input line 
64.

(/usr/share/texmf/tex/latex/lm/omslmsy.fd
File: omslmsy.fd 2015/05/01 v1.6.1 Font defs for Latin Modern
)
LaTeX Font Info:    Trying to load font information for OMX+lmex on input line 
64.

(/usr/share/texmf/tex/latex/lm/omxlmex.fd
File: omxlmex.fd 2015/05/01 v1.6.1 Font defs for Latin Modern
)
LaTeX Font Info:    External font `lmex10' loaded for size
(Font)              <10.95> on input line 64.
LaTeX Font Info:    External font `lmex10' loaded for size
(Font)              <8> on input line 64.
LaTeX Font Info:    External font `lmex10' loaded for size
(Font)              <6> on input line 64.
LaTeX Font Info:    Trying to load font information for U+msa on input line 64.


(/usr/share/texlive/texmf-dist/tex/latex/amsfonts/umsa.fd
File: umsa.fd 2013/01/14 v3.01 AMS symbols A
)
(/usr/share/texlive/texmf-dist/tex/latex/microtype/mt-msa.cfg
File: mt-msa.cfg 2006/02/04 v1.1 microtype config. file: AMS symbols (a) (RS)
)
LaTeX Font Info:    Trying to load font information for U+msb on input line 64.


(/usr/share/texlive/texmf-dist/tex/latex/amsfonts/umsb.fd
File: umsb.fd 2013/01/14 v3.01 AMS symbols B
)
(/usr/share/texlive/texmf-dist/tex/latex/microtype/mt-msb.cfg
File: mt-msb.cfg 2005/06/01 v1.0 microtype config. file: AMS symbols (b) (RS)
) [5



]
LaTeX Font Info:    Font shape `T1/lmss/m/it' in size <10.95> not available
(Font)              Font shape `T1/lmss/m/sl' tried instead on input line 98.
) [6]
(./main.toc [7




])
\tf@toc=\write6
\openout6 = `main.toc'.

 [8] (./main.deutschestoc [9


])
\tf@deutschestoc=\write7
\openout7 = `main.deutschestoc'.

 [10]
\openout2 = `chapter01.aux'.

 (./chapter01.tex
chapter 1.
<./images/Komponenten_einer_FPV_Drohne_ohne_KI_v1_en.pdf, id=267, 2873.73625pt 
x 1885.0425pt>
File: ./images/Komponenten_einer_FPV_Drohne_ohne_KI_v1_en.pdf Graphic file (typ
e pdf)
<use ./images/Komponenten_einer_FPV_Drohne_ohne_KI_v1_en.pdf>
Package pdftex.def Info: ./images/Komponenten_einer_FPV_Drohne_ohne_KI_v1_en.pd
f  used on input line 51.
(pdftex.def)             Requested size: 455.24411pt x 298.5928pt.
[1







] [2 <./images/Komponenten_einer_FPV_Drohne_ohne_KI_v1_en.pdf>]
LaTeX Font Info:    Trying to load font information for TS1+lmr on input line 1
19.

(/usr/share/texmf/tex/latex/lm/ts1lmr.fd
File: ts1lmr.fd 2015/05/01 v1.6.1 Font defs for Latin Modern
) [3{/usr/share/texmf/fonts/enc/dvips/lm/lm-ts1.enc}{/usr/share/texmf/fonts/enc
/dvips/lm/lm-mathsy.enc}] [4]
<./images/SpeedyBee_F405_AIO_40A_Bluejay_vorderseite_crop.jpg, id=332, 1003.75p
t x 1003.75pt>
File: ./images/SpeedyBee_F405_AIO_40A_Bluejay_vorderseite_crop.jpg Graphic file
 (type jpg)
<use ./images/SpeedyBee_F405_AIO_40A_Bluejay_vorderseite_crop.jpg>
Package pdftex.def Info: ./images/SpeedyBee_F405_AIO_40A_Bluejay_vorderseite_cr
op.jpg  used on input line 264.
(pdftex.def)             Requested size: 218.51521pt x 218.51297pt.
<./images/SpeedyBee_F405_AIO_40A_Bluejay_rueckseite_crop.jpg, id=333, 1003.75pt
 x 1003.75pt>
File: ./images/SpeedyBee_F405_AIO_40A_Bluejay_rueckseite_crop.jpg Graphic file 
(type jpg)
<use ./images/SpeedyBee_F405_AIO_40A_Bluejay_rueckseite_crop.jpg>
Package pdftex.def Info: ./images/SpeedyBee_F405_AIO_40A_Bluejay_rueckseite_cro
p.jpg  used on input line 269.
(pdftex.def)             Requested size: 218.51521pt x 218.51297pt.
<./images/SpeedyBee_F405_Mini_BLS_35A_front.jpg, id=340, 2007.5pt x 1003.75pt>
File: ./images/SpeedyBee_F405_Mini_BLS_35A_front.jpg Graphic file (type jpg)
<use ./images/SpeedyBee_F405_Mini_BLS_35A_front.jpg>
Package pdftex.def Info: ./images/SpeedyBee_F405_Mini_BLS_35A_front.jpg  used o
n input line 289.
(pdftex.def)             Requested size: 455.24411pt x 227.61066pt.
 [5 <./images/SpeedyBee_F405_AIO_40A_Bluejay_vorderseite_crop.jpg> <./images/Sp
eedyBee_F405_AIO_40A_Bluejay_rueckseite_crop.jpg>]
<./images/SpeedyBee_F405_Mini_BLS_35A_back.jpg, id=351, 2007.5pt x 1003.75pt>
File: ./images/SpeedyBee_F405_Mini_BLS_35A_back.jpg Graphic file (type jpg)
<use ./images/SpeedyBee_F405_Mini_BLS_35A_back.jpg>
Package pdftex.def Info: ./images/SpeedyBee_F405_Mini_BLS_35A_back.jpg  used on
 input line 297.
(pdftex.def)             Requested size: 455.24411pt x 227.61066pt.
 [6 <./images/SpeedyBee_F405_Mini_BLS_35A_front.jpg> <./images/SpeedyBee_F405_M
ini_BLS_35A_back.jpg>]
<./images/FLYWOO_GOKU_GN745_45A_AIO_V3_FC_front.jpg, id=365, 1003.75pt x 1003.7
5pt>
File: ./images/FLYWOO_GOKU_GN745_45A_AIO_V3_FC_front.jpg Graphic file (type jpg
)
<use ./images/FLYWOO_GOKU_GN745_45A_AIO_V3_FC_front.jpg>
Package pdftex.def Info: ./images/FLYWOO_GOKU_GN745_45A_AIO_V3_FC_front.jpg  us
ed on input line 333.
(pdftex.def)             Requested size: 218.51521pt x 218.51297pt.
<./images/FLYWOO_GOKU_GN745_45A_AIO_V3_FC_back.jpg, id=366, 1003.75pt x 1003.75
pt>
File: ./images/FLYWOO_GOKU_GN745_45A_AIO_V3_FC_back.jpg Graphic file (type jpg)

<use ./images/FLYWOO_GOKU_GN745_45A_AIO_V3_FC_back.jpg>
Package pdftex.def Info: ./images/FLYWOO_GOKU_GN745_45A_AIO_V3_FC_back.jpg  use
d on input line 338.
(pdftex.def)             Requested size: 218.51521pt x 218.51297pt.

Overfull \hbox (3.14168pt too wide) in paragraph at lines 381--381
 []|\T1/lmr/m/n/8 (-20) available$[]$| 
 []


Overfull \hbox (3.14168pt too wide) in paragraph at lines 381--381
 []|\T1/lmr/m/n/8 (-20) available$[]$| 
 []


Overfull \hbox (3.14168pt too wide) in paragraph at lines 381--381
 []|\T1/lmr/m/n/8 (-20) available$[]$| 
 []

LaTeX Font Info:    External font `lmex10' loaded for size
(Font)              <9> on input line 384.
[7 <./images/FLYWOO_GOKU_GN745_45A_AIO_V3_FC_front.jpg> <./images/FLYWOO_GOKU_G
N745_45A_AIO_V3_FC_back.jpg>] [8] [9{/usr/share/texmf/fonts/enc/dvips/lm/lm-rm.
enc}]
<./images/TMotor_V2306_KV2400_White_Silver_4S_oben.png, id=406, 1027.84pt x 770
.88pt>
File: ./images/TMotor_V2306_KV2400_White_Silver_4S_oben.png Graphic file (type 
png)
<use ./images/TMotor_V2306_KV2400_White_Silver_4S_oben.png>
Package pdftex.def Info: ./images/TMotor_V2306_KV2400_White_Silver_4S_oben.png 
 used on input line 518.
(pdftex.def)             Requested size: 218.51521pt x 163.87747pt.
<./images/TMotor_V2306_KV2400_White_Silver_4S_unten.png, id=407, 1027.84pt x 77
0.88pt>
File: ./images/TMotor_V2306_KV2400_White_Silver_4S_unten.png Graphic file (type
 png)
<use ./images/TMotor_V2306_KV2400_White_Silver_4S_unten.png>
Package pdftex.def Info: ./images/TMotor_V2306_KV2400_White_Silver_4S_unten.png
  used on input line 523.
(pdftex.def)             Requested size: 218.51521pt x 163.87747pt.
<./images/TMotor_Pacer_P1604_KV2850_4S_6S_Silver_Blue_Motor_oben.png, id=408, 1
027.84pt x 770.88pt>
File: ./images/TMotor_Pacer_P1604_KV2850_4S_6S_Silver_Blue_Motor_oben.png Graph
ic file (type png)
<use ./images/TMotor_Pacer_P1604_KV2850_4S_6S_Silver_Blue_Motor_oben.png>
Package pdftex.def Info: ./images/TMotor_Pacer_P1604_KV2850_4S_6S_Silver_Blue_M
otor_oben.png  used on input line 536.
(pdftex.def)             Requested size: 218.51521pt x 163.87747pt.
<./images/TMotor_Pacer_P1604_KV2850_4S_6S_Silver_Blue_Motor_unten.png, id=409, 
1027.84pt x 770.88pt>
File: ./images/TMotor_Pacer_P1604_KV2850_4S_6S_Silver_Blue_Motor_unten.png Grap
hic file (type png)
<use ./images/TMotor_Pacer_P1604_KV2850_4S_6S_Silver_Blue_Motor_unten.png>
Package pdftex.def Info: ./images/TMotor_Pacer_P1604_KV2850_4S_6S_Silver_Blue_M
otor_unten.png  used on input line 541.
(pdftex.def)             Requested size: 218.51521pt x 163.87747pt.
 [10 <./images/TMotor_V2306_KV2400_White_Silver_4S_oben.png> <./images/TMotor_V
2306_KV2400_White_Silver_4S_unten.png>] [11 <./images/TMotor_Pacer_P1604_KV2850
_4S_6S_Silver_Blue_Motor_oben.png> <./images/TMotor_Pacer_P1604_KV2850_4S_6S_Si
lver_Blue_Motor_unten.png>] [12] [13{/usr/share/texmf/fonts/enc/dvips/lm/lm-mat
hit.enc}]
<./images/CNHL_1500mAh_100C_4S_XT60_Lipo_front.jpg, id=453, 3468.96pt x 2312.64
pt>
File: ./images/CNHL_1500mAh_100C_4S_XT60_Lipo_front.jpg Graphic file (type jpg)

<use ./images/CNHL_1500mAh_100C_4S_XT60_Lipo_front.jpg>
Package pdftex.def Info: ./images/CNHL_1500mAh_100C_4S_XT60_Lipo_front.jpg  use
d on input line 730.
(pdftex.def)             Requested size: 218.51521pt x 145.66885pt.
<./images/CNHL_1500mAh_100C_4S_XT60_Lipo_back.jpg, id=454, 3468.96pt x 2312.64p
t>
File: ./images/CNHL_1500mAh_100C_4S_XT60_Lipo_back.jpg Graphic file (type jpg)
<use ./images/CNHL_1500mAh_100C_4S_XT60_Lipo_back.jpg>
Package pdftex.def Info: ./images/CNHL_1500mAh_100C_4S_XT60_Lipo_back.jpg  used
 on input line 735.
(pdftex.def)             Requested size: 218.51521pt x 145.66885pt.
 [14 <./images/CNHL_1500mAh_100C_4S_XT60_Lipo_front.jpg> <./images/CNHL_1500mAh
_100C_4S_XT60_Lipo_back.jpg>]
<./images/GAONENG_LiIon_2500mAh_4S_4S1P_12C_front_crop.png, id=464, 1104.125pt 
x 401.5pt>
File: ./images/GAONENG_LiIon_2500mAh_4S_4S1P_12C_front_crop.png Graphic file (t
ype png)
<use ./images/GAONENG_LiIon_2500mAh_4S_4S1P_12C_front_crop.png>
Package pdftex.def Info: ./images/GAONENG_LiIon_2500mAh_4S_4S1P_12C_front_crop.
png  used on input line 771.
(pdftex.def)             Requested size: 455.24411pt x 165.54727pt.
 [15 <./images/GAONENG_LiIon_2500mAh_4S_4S1P_12C_front_crop.png>]
Overfull \hbox (9.1249pt too wide) in paragraph at lines 888--888
[]|\T1/lmr/m/n/10.95 (-20) Technology| 
 []

[16] [17] [18]
<./images/HGLRS_GPS_M100_PRO_front.jpg, id=501, 702.625pt x 702.625pt>
File: ./images/HGLRS_GPS_M100_PRO_front.jpg Graphic file (type jpg)
<use ./images/HGLRS_GPS_M100_PRO_front.jpg>
Package pdftex.def Info: ./images/HGLRS_GPS_M100_PRO_front.jpg  used on input l
ine 981.
(pdftex.def)             Requested size: 218.51521pt x 218.51909pt.
<./images/HGLRS_GPS_M100_PRO_back.jpg, id=502, 752.8125pt x 752.8125pt>
File: ./images/HGLRS_GPS_M100_PRO_back.jpg Graphic file (type jpg)
<use ./images/HGLRS_GPS_M100_PRO_back.jpg>
Package pdftex.def Info: ./images/HGLRS_GPS_M100_PRO_back.jpg  used on input li
ne 986.
(pdftex.def)             Requested size: 218.51521pt x 218.5168pt.
 [19 <./images/HGLRS_GPS_M100_PRO_front.jpg> <./images/HGLRS_GPS_M100_PRO_back.
jpg>]
<./images/RadioMaster_RP2_Receiver_ELRS_front.jpg, id=514, 352.31625pt x 439.64
25pt>
File: ./images/RadioMaster_RP2_Receiver_ELRS_front.jpg Graphic file (type jpg)
<use ./images/RadioMaster_RP2_Receiver_ELRS_front.jpg>
Package pdftex.def Info: ./images/RadioMaster_RP2_Receiver_ELRS_front.jpg  used
 on input line 1035.
(pdftex.def)             Requested size: 109.2576pt x 136.33472pt.
<./images/RadioMaster_RP2_Receiver_ELRS_back.jpg, id=515, 351.3125pt x 439.6425
pt>
File: ./images/RadioMaster_RP2_Receiver_ELRS_back.jpg Graphic file (type jpg)
<use ./images/RadioMaster_RP2_Receiver_ELRS_back.jpg>
Package pdftex.def Info: ./images/RadioMaster_RP2_Receiver_ELRS_back.jpg  used 
on input line 1040.
(pdftex.def)             Requested size: 109.2576pt x 136.73051pt.
<./images/RadioMaster_RP1_Receiver_ELRS_front.jpg, id=516, 351.3125pt x 439.642
5pt>
File: ./images/RadioMaster_RP1_Receiver_ELRS_front.jpg Graphic file (type jpg)
<use ./images/RadioMaster_RP1_Receiver_ELRS_front.jpg>
Package pdftex.def Info: ./images/RadioMaster_RP1_Receiver_ELRS_front.jpg  used
 on input line 1052.
(pdftex.def)             Requested size: 109.2576pt x 136.73051pt.
<./images/RadioMaster_RP1_Receiver_ELRS_back.jpg, id=517, 351.3125pt x 439.6425
pt>
File: ./images/RadioMaster_RP1_Receiver_ELRS_back.jpg Graphic file (type jpg)
<use ./images/RadioMaster_RP1_Receiver_ELRS_back.jpg>
Package pdftex.def Info: ./images/RadioMaster_RP1_Receiver_ELRS_back.jpg  used 
on input line 1057.
(pdftex.def)             Requested size: 109.2576pt x 136.73051pt.
 [20 <./images/RadioMaster_RP2_Receiver_ELRS_front.jpg> <./images/RadioMaster_R
P2_Receiver_ELRS_back.jpg>]
<./images/SpeedyBee_TX800_FPV_VTX_vorderseite_crop.jpg, id=526, 853.1875pt x 85
3.1875pt>
File: ./images/SpeedyBee_TX800_FPV_VTX_vorderseite_crop.jpg Graphic file (type 
jpg)
<use ./images/SpeedyBee_TX800_FPV_VTX_vorderseite_crop.jpg>
Package pdftex.def Info: ./images/SpeedyBee_TX800_FPV_VTX_vorderseite_crop.jpg 
 used on input line 1103.
(pdftex.def)             Requested size: 218.51521pt x 218.5168pt.
<./images/SpeedyBee_TX800_FPV_VTX_rueckseite_crop.jpg, id=527, 853.1875pt x 853
.1875pt>
File: ./images/SpeedyBee_TX800_FPV_VTX_rueckseite_crop.jpg Graphic file (type j
pg)
<use ./images/SpeedyBee_TX800_FPV_VTX_rueckseite_crop.jpg>
Package pdftex.def Info: ./images/SpeedyBee_TX800_FPV_VTX_rueckseite_crop.jpg  
used on input line 1108.
(pdftex.def)             Requested size: 218.51521pt x 218.5168pt.
 [21 <./images/RadioMaster_RP1_Receiver_ELRS_front.jpg> <./images/RadioMaster_R
P1_Receiver_ELRS_back.jpg>]
Overfull \hbox (4.59229pt too wide) in paragraph at lines 1130--1141
 [][] 
 []

[22 <./images/SpeedyBee_TX800_FPV_VTX_vorderseite_crop.jpg> <./images/SpeedyBee
_TX800_FPV_VTX_rueckseite_crop.jpg>] [23]
<./images/Caddx_ANT_Nano_1200TVL_14mm_165FOV_top.jpg, id=557, 552.0625pt x 552.
0625pt>
File: ./images/Caddx_ANT_Nano_1200TVL_14mm_165FOV_top.jpg Graphic file (type jp
g)
<use ./images/Caddx_ANT_Nano_1200TVL_14mm_165FOV_top.jpg>
Package pdftex.def Info: ./images/Caddx_ANT_Nano_1200TVL_14mm_165FOV_top.jpg  u
sed on input line 1289.
(pdftex.def)             Requested size: 109.2576pt x 109.25648pt.
<./images/Caddx_ANT_Nano_1200TVL_14mm_165FOV_back.jpg, id=558, 552.0625pt x 552
.0625pt>
File: ./images/Caddx_ANT_Nano_1200TVL_14mm_165FOV_back.jpg Graphic file (type j
pg)
<use ./images/Caddx_ANT_Nano_1200TVL_14mm_165FOV_back.jpg>
Package pdftex.def Info: ./images/Caddx_ANT_Nano_1200TVL_14mm_165FOV_back.jpg  
used on input line 1294.
(pdftex.def)             Requested size: 109.2576pt x 109.25648pt.
<./images/RunCam_Phoenix_2_1000TVL_19mm_155FOV_top.jpg, id=559, 752.8125pt x 75
2.8125pt>
File: ./images/RunCam_Phoenix_2_1000TVL_19mm_155FOV_top.jpg Graphic file (type 
jpg)
<use ./images/RunCam_Phoenix_2_1000TVL_19mm_155FOV_top.jpg>
Package pdftex.def Info: ./images/RunCam_Phoenix_2_1000TVL_19mm_155FOV_top.jpg 
 used on input line 1306.
(pdftex.def)             Requested size: 109.2576pt x 109.25266pt.
<./images/RunCam_Phoenix_2_1000TVL_19mm_155FOV_back.jpg, id=560, 752.8125pt x 7
52.8125pt>
File: ./images/RunCam_Phoenix_2_1000TVL_19mm_155FOV_back.jpg Graphic file (type
 jpg)
<use ./images/RunCam_Phoenix_2_1000TVL_19mm_155FOV_back.jpg>
Package pdftex.def Info: ./images/RunCam_Phoenix_2_1000TVL_19mm_155FOV_back.jpg
  used on input line 1311.
(pdftex.def)             Requested size: 109.2576pt x 109.25266pt.
 [24 <./images/Caddx_ANT_Nano_1200TVL_14mm_165FOV_top.jpg> <./images/Caddx_ANT_
Nano_1200TVL_14mm_165FOV_back.jpg>]
[25 <./images/RunCam_Phoenix_2_1000TVL_19mm_155FOV_top.jpg> <./images/RunCam_Ph
oenix_2_1000TVL_19mm_155FOV_back.jpg>]
<./images/SKYZONE_04X_PRO_IMG_5179.png, id=579, 1661.20625pt x 868.24374pt>
File: ./images/SKYZONE_04X_PRO_IMG_5179.png Graphic file (type png)
<use ./images/SKYZONE_04X_PRO_IMG_5179.png>
Package pdftex.def Info: ./images/SKYZONE_04X_PRO_IMG_5179.png  used on input l
ine 1420.
(pdftex.def)             Requested size: 455.24411pt x 237.9265pt.
 [26]) [27 <./images/SKYZONE_04X_PRO_IMG_5179.png>]
\openout2 = `chapter02.aux'.

 (./chapter02.tex [28





]
chapter 2.
[29]
LaTeX Font Info:    Trying to load font information for T1+lmtt on input line 9
0.
 (/usr/share/texmf/tex/latex/lm/t1lmtt.fd
File: t1lmtt.fd 2015/05/01 v1.6.1 Font defs for Latin Modern
)
Package microtype Info: Loading generic protrusion settings for font family
(microtype)             `lmtt' (encoding: T1).
(microtype)             For optimal results, create family-specific settings.
(microtype)             See the microtype manual for details.
<./images/Betaflight_4_5_3_installation_update_backup_firmware_screenshot_app.p
ng, id=606, 878.21773pt x 490.89056pt>
File: ./images/Betaflight_4_5_3_installation_update_backup_firmware_screenshot_
app.png Graphic file (type png)
<use ./images/Betaflight_4_5_3_installation_update_backup_firmware_screenshot_a
pp.png>
Package pdftex.def Info: ./images/Betaflight_4_5_3_installation_update_backup_f
irmware_screenshot_app.png  used on input line 100.
(pdftex.def)             Requested size: 455.24411pt x 254.47058pt.
 [30]
<./images/Betaflight_4_5_3_hauptseite_firmware_screenshot_app.png, id=618, 878.
21773pt x 490.89056pt>
File: ./images/Betaflight_4_5_3_hauptseite_firmware_screenshot_app.png Graphic 
file (type png)
<use ./images/Betaflight_4_5_3_hauptseite_firmware_screenshot_app.png>
Package pdftex.def Info: ./images/Betaflight_4_5_3_hauptseite_firmware_screensh
ot_app.png  used on input line 108.
(pdftex.def)             Requested size: 455.24411pt x 254.47058pt.
 [31 <./images/Betaflight_4_5_3_installation_update_backup_firmware_screenshot_
app.png> <./images/Betaflight_4_5_3_hauptseite_firmware_screenshot_app.png>]
<./images/Betaflight_4_5_3_ports_firmware_screenshot_app.png, id=632, 878.21773
pt x 490.89056pt>
File: ./images/Betaflight_4_5_3_ports_firmware_screenshot_app.png Graphic file 
(type png)
<use ./images/Betaflight_4_5_3_ports_firmware_screenshot_app.png>
Package pdftex.def Info: ./images/Betaflight_4_5_3_ports_firmware_screenshot_ap
p.png  used on input line 134.
(pdftex.def)             Requested size: 455.24411pt x 254.47058pt.
<./images/Betaflight_4_5_3_configuration1_firmware_screenshot_app.png, id=637, 
878.21773pt x 490.89056pt>
File: ./images/Betaflight_4_5_3_configuration1_firmware_screenshot_app.png Grap
hic file (type png)
<use ./images/Betaflight_4_5_3_configuration1_firmware_screenshot_app.png>
Package pdftex.def Info: ./images/Betaflight_4_5_3_configuration1_firmware_scre
enshot_app.png  used on input line 152.
(pdftex.def)             Requested size: 455.24411pt x 254.47058pt.
 [32 <./images/Betaflight_4_5_3_ports_firmware_screenshot_app.png>]
<./images/Betaflight_4_5_3_configuration2_firmware_screenshot_app.png, id=648, 
878.21773pt x 490.89056pt>
File: ./images/Betaflight_4_5_3_configuration2_firmware_screenshot_app.png Grap
hic file (type png)
<use ./images/Betaflight_4_5_3_configuration2_firmware_screenshot_app.png>
Package pdftex.def Info: ./images/Betaflight_4_5_3_configuration2_firmware_scre
enshot_app.png  used on input line 170.
(pdftex.def)             Requested size: 455.24411pt x 254.47058pt.
 [33 <./images/Betaflight_4_5_3_configuration1_firmware_screenshot_app.png>] [3
4 <./images/Betaflight_4_5_3_configuration2_firmware_screenshot_app.png>]
<./images/Betaflight_4_5_3_receiver_firmware_screenshot_app.png, id=662, 878.21
773pt x 490.89056pt>
File: ./images/Betaflight_4_5_3_receiver_firmware_screenshot_app.png Graphic fi
le (type png)
<use ./images/Betaflight_4_5_3_receiver_firmware_screenshot_app.png>
Package pdftex.def Info: ./images/Betaflight_4_5_3_receiver_firmware_screenshot
_app.png  used on input line 228.
(pdftex.def)             Requested size: 455.24411pt x 254.47058pt.
<./images/Betaflight_4_5_3_modes_firmware_screenshot_app.png, id=665, 878.21773
pt x 490.89056pt>
File: ./images/Betaflight_4_5_3_modes_firmware_screenshot_app.png Graphic file 
(type png)
<use ./images/Betaflight_4_5_3_modes_firmware_screenshot_app.png>
Package pdftex.def Info: ./images/Betaflight_4_5_3_modes_firmware_screenshot_ap
p.png  used on input line 246.
(pdftex.def)             Requested size: 455.24411pt x 254.47058pt.
 [35 <./images/Betaflight_4_5_3_receiver_firmware_screenshot_app.png>] [36 <./i
mages/Betaflight_4_5_3_modes_firmware_screenshot_app.png>]
<./images/Betaflight_4_5_3_motos_firmware_screenshot_app.png, id=683, 878.21773
pt x 490.89056pt>
File: ./images/Betaflight_4_5_3_motos_firmware_screenshot_app.png Graphic file 
(type png)
<use ./images/Betaflight_4_5_3_motos_firmware_screenshot_app.png>
Package pdftex.def Info: ./images/Betaflight_4_5_3_motos_firmware_screenshot_ap
p.png  used on input line 296.
(pdftex.def)             Requested size: 455.24411pt x 254.47058pt.
 [37 <./images/Betaflight_4_5_3_motos_firmware_screenshot_app.png>]
<./images/Betaflight_4_5_3_video_transmitter_firmware_screenshot_app.png, id=69
4, 1445.4pt x 813.0375pt>
File: ./images/Betaflight_4_5_3_video_transmitter_firmware_screenshot_app.png G
raphic file (type png)
<use ./images/Betaflight_4_5_3_video_transmitter_firmware_screenshot_app.png>
Package pdftex.def Info: ./images/Betaflight_4_5_3_video_transmitter_firmware_s
creenshot_app.png  used on input line 330.
(pdftex.def)             Requested size: 455.24411pt x 256.07095pt.
<./images/Betaflight_4_5_3_sensors_firmware_screenshot_app.png, id=697, 878.217
73pt x 490.89056pt>
File: ./images/Betaflight_4_5_3_sensors_firmware_screenshot_app.png Graphic fil
e (type png)
<use ./images/Betaflight_4_5_3_sensors_firmware_screenshot_app.png>
Package pdftex.def Info: ./images/Betaflight_4_5_3_sensors_firmware_screenshot_
app.png  used on input line 348.
(pdftex.def)             Requested size: 455.24411pt x 254.47058pt.

[38 <./images/Betaflight_4_5_3_video_transmitter_firmware_screenshot_app.png>]
[39 <./images/Betaflight_4_5_3_sensors_firmware_screenshot_app.png>]
<./images/Betaflight_4_5_3_blackbox_firmware_screenshot_app.png, id=713, 878.21
773pt x 490.89056pt>
File: ./images/Betaflight_4_5_3_blackbox_firmware_screenshot_app.png Graphic fi
le (type png)
<use ./images/Betaflight_4_5_3_blackbox_firmware_screenshot_app.png>
Package pdftex.def Info: ./images/Betaflight_4_5_3_blackbox_firmware_screenshot
_app.png  used on input line 374.
(pdftex.def)             Requested size: 455.24411pt x 254.47058pt.
<./images/Betaflight_4_5_3_cli_firmware_screenshot_app.png, id=716, 878.21773pt
 x 490.89056pt>
File: ./images/Betaflight_4_5_3_cli_firmware_screenshot_app.png Graphic file (t
ype png)
<use ./images/Betaflight_4_5_3_cli_firmware_screenshot_app.png>
Package pdftex.def Info: ./images/Betaflight_4_5_3_cli_firmware_screenshot_app.
png  used on input line 392.
(pdftex.def)             Requested size: 455.24411pt x 254.47058pt.
 [40 <./images/Betaflight_4_5_3_blackbox_firmware_screenshot_app.png>] [41 <./i
mages/Betaflight_4_5_3_cli_firmware_screenshot_app.png>]
<./images/INAV_Firmware_Flasher.png, id=731, 1927.2pt x 1051.93pt>
File: ./images/INAV_Firmware_Flasher.png Graphic file (type png)
<use ./images/INAV_Firmware_Flasher.png>
Package pdftex.def Info: ./images/INAV_Firmware_Flasher.png  used on input line
 460.
(pdftex.def)             Requested size: 455.24411pt x 248.48767pt.
 [42 <./images/INAV_Firmware_Flasher.png>] [43]
<./images/INAV_Calibration_Tab.png, id=757, 1927.2pt x 1084.05pt>
File: ./images/INAV_Calibration_Tab.png Graphic file (type png)
<use ./images/INAV_Calibration_Tab.png>
Package pdftex.def Info: ./images/INAV_Calibration_Tab.png  used on input line 
629.
(pdftex.def)             Requested size: 455.24411pt x 256.07509pt.
 [44]
<./images/INAV_8_0_1_Outputs_FLYWOOF745_INAV_Configurator.png, id=773, 878.2177
3pt x 490.89056pt>
File: ./images/INAV_8_0_1_Outputs_FLYWOOF745_INAV_Configurator.png Graphic file
 (type png)
<use ./images/INAV_8_0_1_Outputs_FLYWOOF745_INAV_Configurator.png>
Package pdftex.def Info: ./images/INAV_8_0_1_Outputs_FLYWOOF745_INAV_Configurat
or.png  used on input line 671.
(pdftex.def)             Requested size: 455.24411pt x 254.47058pt.
 [45 <./images/INAV_Calibration_Tab.png>] [46 <./images/INAV_8_0_1_Outputs_FLYW
OOF745_INAV_Configurator.png>]
<./images/INAV_Failsafe_Tab.png, id=801, 1927.2pt x 1051.93pt>
File: ./images/INAV_Failsafe_Tab.png Graphic file (type png)
<use ./images/INAV_Failsafe_Tab.png>
Package pdftex.def Info: ./images/INAV_Failsafe_Tab.png  used on input line 730
.
(pdftex.def)             Requested size: 455.24411pt x 248.48767pt.
 [47 <./images/INAV_Failsafe_Tab.png>]
<./images/INAV_OSD_Tab.png, id=817, 1927.2pt x 1051.93pt>
File: ./images/INAV_OSD_Tab.png Graphic file (type png)
<use ./images/INAV_OSD_Tab.png>
Package pdftex.def Info: ./images/INAV_OSD_Tab.png  used on input line 799.
(pdftex.def)             Requested size: 455.24411pt x 248.48767pt.
 [48 <./images/INAV_OSD_Tab.png>]
<./images/STM32CubeProgrammerConnect.png, id=830, 1445.4pt x 818.05624pt>
File: ./images/STM32CubeProgrammerConnect.png Graphic file (type png)
<use ./images/STM32CubeProgrammerConnect.png>
Package pdftex.def Info: ./images/STM32CubeProgrammerConnect.png  used on input
 line 858.
(pdftex.def)             Requested size: 455.24411pt x 257.65163pt.
 [49]
<./images/STM32CubeProgrammerFullChipErase.png, id=841, 1445.4pt x 818.05624pt>

File: ./images/STM32CubeProgrammerFullChipErase.png Graphic file (type png)
<use ./images/STM32CubeProgrammerFullChipErase.png>
Package pdftex.def Info: ./images/STM32CubeProgrammerFullChipErase.png  used on
 input line 876.
(pdftex.def)             Requested size: 455.24411pt x 257.65163pt.
 [50 <./images/STM32CubeProgrammerConnect.png>]
<./images/STM32CubeProgrammerFirmwareFlashing.png, id=848, 1445.4pt x 818.05624
pt>
File: ./images/STM32CubeProgrammerFirmwareFlashing.png Graphic file (type png)
<use ./images/STM32CubeProgrammerFirmwareFlashing.png>
Package pdftex.def Info: ./images/STM32CubeProgrammerFirmwareFlashing.png  used
 on input line 884.
(pdftex.def)             Requested size: 455.24411pt x 257.65163pt.
 [51 <./images/STM32CubeProgrammerFullChipErase.png> <./images/STM32CubeProgram
merFirmwareFlashing.png>]
<./images/Mission_Planneer_1.3.83_connect_screenshot.png, id=861, 1154.51324pt 
x 612.48825pt>
File: ./images/Mission_Planneer_1.3.83_connect_screenshot.png Graphic file (typ
e png)
<use ./images/Mission_Planneer_1.3.83_connect_screenshot.png>
Package pdftex.def Info: ./images/Mission_Planneer_1.3.83_connect_screenshot.pn
g  used on input line 915.
(pdftex.def)             Requested size: 455.24411pt x 241.51431pt.
<./images/Mission_Planneer_1.3.83_frame_setup_screenshot.png, id=864, 1444.6471
9pt x 777.65532pt>
File: ./images/Mission_Planneer_1.3.83_frame_setup_screenshot.png Graphic file 
(type png)
<use ./images/Mission_Planneer_1.3.83_frame_setup_screenshot.png>
Package pdftex.def Info: ./images/Mission_Planneer_1.3.83_frame_setup_screensho
t.png  used on input line 933.
(pdftex.def)             Requested size: 455.24411pt x 245.05765pt.
 [52 <./images/Mission_Planneer_1.3.83_connect_screenshot.png>]
<./images/Mission_Planneer_1.3.83_board_orientation_screenshot.png, id=875, 115
5.1155pt x 611.886pt>
File: ./images/Mission_Planneer_1.3.83_board_orientation_screenshot.png Graphic
 file (type png)
<use ./images/Mission_Planneer_1.3.83_board_orientation_screenshot.png>
Package pdftex.def Info: ./images/Mission_Planneer_1.3.83_board_orientation_scr
eenshot.png  used on input line 959.
(pdftex.def)             Requested size: 455.24411pt x 241.14612pt.
 [53 <./images/Mission_Planneer_1.3.83_frame_setup_screenshot.png>]
<./images/Mission_Planneer_1.3.83_Serial_Ports_screenshot.png, id=884, 1015.544
07pt x 428.35031pt>
File: ./images/Mission_Planneer_1.3.83_Serial_Ports_screenshot.png Graphic file
 (type png)
<use ./images/Mission_Planneer_1.3.83_Serial_Ports_screenshot.png>
Package pdftex.def Info: ./images/Mission_Planneer_1.3.83_Serial_Ports_screensh
ot.png  used on input line 993.
(pdftex.def)             Requested size: 455.24411pt x 192.01727pt.
 [54 <./images/Mission_Planneer_1.3.83_board_orientation_screenshot.png>]
<./images/Mission_Planneer_1.3.83_board_accelerometer_calibration_screenshot.pn
g, id=896, 1444.64719pt x 438.13687pt>
File: ./images/Mission_Planneer_1.3.83_board_accelerometer_calibration_screensh
ot.png Graphic file (type png)
<use ./images/Mission_Planneer_1.3.83_board_accelerometer_calibration_screensho
t.png>
Package pdftex.def Info: ./images/Mission_Planneer_1.3.83_board_accelerometer_c
alibration_screenshot.png  used on input line 1011.
(pdftex.def)             Requested size: 455.24411pt x 138.06732pt.
 [55 <./images/Mission_Planneer_1.3.83_Serial_Ports_screenshot.png> <./images/M
ission_Planneer_1.3.83_board_accelerometer_calibration_screenshot.png>]
<./images/Mission_Planneer_1.3.83_board_compass_calibration_screenshot.png, id=
907, 823.57687pt x 397.485pt>
File: ./images/Mission_Planneer_1.3.83_board_compass_calibration_screenshot.png
 Graphic file (type png)
<use ./images/Mission_Planneer_1.3.83_board_compass_calibration_screenshot.png>

Package pdftex.def Info: ./images/Mission_Planneer_1.3.83_board_compass_calibra
tion_screenshot.png  used on input line 1037.
(pdftex.def)             Requested size: 455.24411pt x 219.71521pt.

[56 <./images/Mission_Planneer_1.3.83_board_compass_calibration_screenshot.png>
]
<./images/Mission_Planneer_1.3.83_Radio_Calibration_screenshot.png, id=916, 101
7.04968pt x 468.24937pt>
File: ./images/Mission_Planneer_1.3.83_Radio_Calibration_screenshot.png Graphic
 file (type png)
<use ./images/Mission_Planneer_1.3.83_Radio_Calibration_screenshot.png>
Package pdftex.def Info: ./images/Mission_Planneer_1.3.83_Radio_Calibration_scr
eenshot.png  used on input line 1079.
(pdftex.def)             Requested size: 455.24411pt x 209.59566pt.
<./images/Mission_Planneer_1.3.83_Motor_Test_with_Direction_Reference_screensho
t.png, id=919, 1016.29688pt x 563.85657pt>
File: ./images/Mission_Planneer_1.3.83_Motor_Test_with_Direction_Reference_scre
enshot.png Graphic file (type png)
<use ./images/Mission_Planneer_1.3.83_Motor_Test_with_Direction_Reference_scree
nshot.png>
Package pdftex.def Info: ./images/Mission_Planneer_1.3.83_Motor_Test_with_Direc
tion_Reference_screenshot.png  used on input line 1098.
(pdftex.def)             Requested size: 455.24411pt x 252.57161pt.
 [57 <./images/Mission_Planneer_1.3.83_Radio_Calibration_screenshot.png>]
<./images/Mission_Planneer_1.3.83_Servo_Output_screenshot.png, id=926, 1015.544
07pt x 447.92343pt>
File: ./images/Mission_Planneer_1.3.83_Servo_Output_screenshot.png Graphic file
 (type png)
<use ./images/Mission_Planneer_1.3.83_Servo_Output_screenshot.png>
Package pdftex.def Info: ./images/Mission_Planneer_1.3.83_Servo_Output_screensh
ot.png  used on input line 1106.
(pdftex.def)             Requested size: 455.24411pt x 200.79135pt.

[58 <./images/Mission_Planneer_1.3.83_Motor_Test_with_Direction_Reference_scree
nshot.png (PNG copy)> <./images/Mission_Planneer_1.3.83_Servo_Output_screenshot
.png>]
<./images/Mission_Planneer_1.3.83_ESC_Calibration_screenshot.png, id=941, 1444.
64719pt x 428.35031pt>
File: ./images/Mission_Planneer_1.3.83_ESC_Calibration_screenshot.png Graphic f
ile (type png)
<use ./images/Mission_Planneer_1.3.83_ESC_Calibration_screenshot.png>
Package pdftex.def Info: ./images/Mission_Planneer_1.3.83_ESC_Calibration_scree
nshot.png  used on input line 1124.
(pdftex.def)             Requested size: 455.24411pt x 134.98334pt.
<./images/Mission_Planneer_1.3.83_Flight_modes_screenshot.png, id=944, 1444.647
19pt x 426.84468pt>
File: ./images/Mission_Planneer_1.3.83_Flight_modes_screenshot.png Graphic file
 (type png)
<use ./images/Mission_Planneer_1.3.83_Flight_modes_screenshot.png>
Package pdftex.def Info: ./images/Mission_Planneer_1.3.83_Flight_modes_screensh
ot.png  used on input line 1142.
(pdftex.def)             Requested size: 455.24411pt x 134.50888pt.
 [59 <./images/Mission_Planneer_1.3.83_ESC_Calibration_screenshot.png> <./image
s/Mission_Planneer_1.3.83_Flight_modes_screenshot.png>]
<./images/Mission_Planneer_1.3.83_failsafe_screenshot.png, id=957, 1142.46825pt
 x 501.072pt>
File: ./images/Mission_Planneer_1.3.83_failsafe_screenshot.png Graphic file (ty
pe png)
<use ./images/Mission_Planneer_1.3.83_failsafe_screenshot.png>
Package pdftex.def Info: ./images/Mission_Planneer_1.3.83_failsafe_screenshot.p
ng  used on input line 1160.
(pdftex.def)             Requested size: 455.24411pt x 199.66832pt.
<./images/Mission_Planneer_1.3.83_Initial_Tupe_Param_screenshot.png, id=960, 11
55.1155pt x 603.4545pt>
File: ./images/Mission_Planneer_1.3.83_Initial_Tupe_Param_screenshot.png Graphi
c file (type png)
<use ./images/Mission_Planneer_1.3.83_Initial_Tupe_Param_screenshot.png>
Package pdftex.def Info: ./images/Mission_Planneer_1.3.83_Initial_Tupe_Param_sc
reenshot.png  used on input line 1178.
(pdftex.def)             Requested size: 455.24411pt x 237.82324pt.
 [60 <./images/Mission_Planneer_1.3.83_failsafe_screenshot.png>]
<./images/Mission_Planneer_1.3.83_OSD_Settings_screenshot.png, id=972, 1444.647
19pt x 773.13844pt>
File: ./images/Mission_Planneer_1.3.83_OSD_Settings_screenshot.png Graphic file
 (type png)
<use ./images/Mission_Planneer_1.3.83_OSD_Settings_screenshot.png>
Package pdftex.def Info: ./images/Mission_Planneer_1.3.83_OSD_Settings_screensh
ot.png  used on input line 1204.
(pdftex.def)             Requested size: 455.24411pt x 243.63428pt.
 [61 <./images/Mission_Planneer_1.3.83_Initial_Tupe_Param_screenshot.png>] [62 
<./images/Mission_Planneer_1.3.83_OSD_Settings_screenshot.png>] [63]
<./images/edgetx_installation_1.png, id=1002, 878.21773pt x 490.89056pt>
File: ./images/edgetx_installation_1.png Graphic file (type png)
<use ./images/edgetx_installation_1.png>
Package pdftex.def Info: ./images/edgetx_installation_1.png  used on input line
 1291.
(pdftex.def)             Requested size: 455.24411pt x 254.47058pt.
<./images/edgetx_installation_2.png, id=1003, 878.21773pt x 490.89056pt>
File: ./images/edgetx_installation_2.png Graphic file (type png)
<use ./images/edgetx_installation_2.png>
Package pdftex.def Info: ./images/edgetx_installation_2.png  used on input line
 1299.
(pdftex.def)             Requested size: 455.24411pt x 254.47058pt.
 [64 <./images/edgetx_installation_1.png> <./images/edgetx_installation_2.png>]
<./images/edgetx_installation_3.png, id=1018, 878.21773pt x 490.89056pt>
File: ./images/edgetx_installation_3.png Graphic file (type png)
<use ./images/edgetx_installation_3.png>
Package pdftex.def Info: ./images/edgetx_installation_3.png  used on input line
 1325.
(pdftex.def)             Requested size: 455.24411pt x 254.47058pt.
<./images/edgetx_installation_4.png, id=1019, 878.21773pt x 490.89056pt>
File: ./images/edgetx_installation_4.png Graphic file (type png)
<use ./images/edgetx_installation_4.png>
Package pdftex.def Info: ./images/edgetx_installation_4.png  used on input line
 1333.
(pdftex.def)             Requested size: 455.24411pt x 254.47058pt.
 [65 <./images/edgetx_installation_3.png> <./images/edgetx_installation_4.png>]
<./images/ExpressLRS_Installation_1.png, id=1031, 878.21773pt x 490.89056pt>
File: ./images/ExpressLRS_Installation_1.png Graphic file (type png)
<use ./images/ExpressLRS_Installation_1.png>
Package pdftex.def Info: ./images/ExpressLRS_Installation_1.png  used on input 
line 1376.
(pdftex.def)             Requested size: 455.24411pt x 254.47058pt.
 [66 <./images/ExpressLRS_Installation_1.png>]
<./images/ExpressLRS_Installation_2.png, id=1042, 878.21773pt x 490.89056pt>
File: ./images/ExpressLRS_Installation_2.png Graphic file (type png)
<use ./images/ExpressLRS_Installation_2.png>
Package pdftex.def Info: ./images/ExpressLRS_Installation_2.png  used on input 
line 1394.
(pdftex.def)             Requested size: 455.24411pt x 254.47058pt.
<./images/ExpressLRS_Installation_3.png, id=1043, 878.21773pt x 490.89056pt>
File: ./images/ExpressLRS_Installation_3.png Graphic file (type png)
<use ./images/ExpressLRS_Installation_3.png>
Package pdftex.def Info: ./images/ExpressLRS_Installation_3.png  used on input 
line 1402.
(pdftex.def)             Requested size: 455.24411pt x 254.47058pt.
 [67 <./images/ExpressLRS_Installation_2.png> <./images/ExpressLRS_Installation
_3.png>]
<./images/ExpressLRS_Installation_4.png, id=1056, 878.21773pt x 490.89056pt>
File: ./images/ExpressLRS_Installation_4.png Graphic file (type png)
<use ./images/ExpressLRS_Installation_4.png>
Package pdftex.def Info: ./images/ExpressLRS_Installation_4.png  used on input 
line 1428.
(pdftex.def)             Requested size: 455.24411pt x 254.47058pt.
<./images/ExpressLRS_Installation_RX_1.png, id=1061, 878.21773pt x 490.89056pt>

File: ./images/ExpressLRS_Installation_RX_1.png Graphic file (type png)
<use ./images/ExpressLRS_Installation_RX_1.png>
Package pdftex.def Info: ./images/ExpressLRS_Installation_RX_1.png  used on inp
ut line 1446.
(pdftex.def)             Requested size: 455.24411pt x 254.47058pt.
 [68 <./images/ExpressLRS_Installation_4.png>]
<./images/ExpressLRS_Installation_RX_2.png, id=1070, 878.21773pt x 490.89056pt>

File: ./images/ExpressLRS_Installation_RX_2.png Graphic file (type png)
<use ./images/ExpressLRS_Installation_RX_2.png>
Package pdftex.def Info: ./images/ExpressLRS_Installation_RX_2.png  used on inp
ut line 1454.
(pdftex.def)             Requested size: 455.24411pt x 254.47058pt.
 [69 <./images/ExpressLRS_Installation_RX_1.png> <./images/ExpressLRS_Installat
ion_RX_2.png>]
<./images/ExpressLRS_Installation_RX_3.png, id=1080, 878.21773pt x 490.89056pt>

File: ./images/ExpressLRS_Installation_RX_3.png Graphic file (type png)
<use ./images/ExpressLRS_Installation_RX_3.png>
Package pdftex.def Info: ./images/ExpressLRS_Installation_RX_3.png  used on inp
ut line 1472.
(pdftex.def)             Requested size: 455.24411pt x 254.47058pt.
)
[70 <./images/ExpressLRS_Installation_RX_3.png>]
\openout2 = `chapter03.aux'.

 (./chapter03.tex
chapter 3.
[71





]
<./images/LiIo-Akku-laden.png, id=1103, 1647.15375pt x 1326.9575pt>
File: ./images/LiIo-Akku-laden.png Graphic file (type png)
<use ./images/LiIo-Akku-laden.png>
Package pdftex.def Info: ./images/LiIo-Akku-laden.png  used on input line 81.
(pdftex.def)             Requested size: 455.24411pt x 366.74686pt.
 [72]
<./images/LiPo_Akku_Schaden_durch_Propeller_crop.png, id=1114, 274.1442pt x 104
.7915pt>
File: ./images/LiPo_Akku_Schaden_durch_Propeller_crop.png Graphic file (type pn
g)
<use ./images/LiPo_Akku_Schaden_durch_Propeller_crop.png>
Package pdftex.def Info: ./images/LiPo_Akku_Schaden_durch_Propeller_crop.png  u
sed on input line 102.
(pdftex.def)             Requested size: 455.24411pt x 174.02739pt.
 [73 <./images/LiIo-Akku-laden.png>] [74 <./images/LiPo_Akku_Schaden_durch_Prop
eller_crop.png>]
LaTeX Font Info:    External font `lmex10' loaded for size
(Font)              <10> on input line 189.
LaTeX Font Info:    External font `lmex10' loaded for size
(Font)              <7> on input line 189.
 [75] [76]) [77]
\openout2 = `chapter04.aux'.

 (./chapter04.tex [78





]
chapter 4.
[79] [80]
<./images/raspberry_pi_2_wh_front.png, id=1193, 1806.75pt x 903.375pt>
File: ./images/raspberry_pi_2_wh_front.png Graphic file (type png)
<use ./images/raspberry_pi_2_wh_front.png>
Package pdftex.def Info: ./images/raspberry_pi_2_wh_front.png  used on input li
ne 108.
(pdftex.def)             Requested size: 218.51521pt x 109.25494pt.
<./images/raspberry_pi_2_wh_back.png, id=1194, 1806.75pt x 903.375pt>
File: ./images/raspberry_pi_2_wh_back.png Graphic file (type png)
<use ./images/raspberry_pi_2_wh_back.png>
Package pdftex.def Info: ./images/raspberry_pi_2_wh_back.png  used on input lin
e 113.
(pdftex.def)             Requested size: 218.51521pt x 109.25494pt.
 [81 <./images/raspberry_pi_2_wh_front.png> <./images/raspberry_pi_2_wh_back.pn
g>]
<./images/Google_Coral_TPU_Accelerator_front.pdf, id=1210, 1298.8525pt x 687.56
876pt>
File: ./images/Google_Coral_TPU_Accelerator_front.pdf Graphic file (type pdf)
<use ./images/Google_Coral_TPU_Accelerator_front.pdf>
Package pdftex.def Info: ./images/Google_Coral_TPU_Accelerator_front.pdf  used 
on input line 164.
(pdftex.def)             Requested size: 218.51521pt x 115.66814pt.
<./images/Google_Coral_TPU_Accelerator_back.pdf, id=1211, 1298.8525pt x 687.568
76pt>
File: ./images/Google_Coral_TPU_Accelerator_back.pdf Graphic file (type pdf)
<use ./images/Google_Coral_TPU_Accelerator_back.pdf>
Package pdftex.def Info: ./images/Google_Coral_TPU_Accelerator_back.pdf  used o
n input line 169.
(pdftex.def)             Requested size: 218.51521pt x 115.66814pt.
<./images/Intel_Neuronal_Compute_Stick2_front.png, id=1214, 1405.25pt x 702.625
pt>
File: ./images/Intel_Neuronal_Compute_Stick2_front.png Graphic file (type png)
<use ./images/Intel_Neuronal_Compute_Stick2_front.png>
Package pdftex.def Info: ./images/Intel_Neuronal_Compute_Stick2_front.png  used
 on input line 191.
(pdftex.def)             Requested size: 218.51521pt x 109.24883pt.
<./images/Intel_Neuronal_Compute_Stick2_back.png, id=1215, 1505.625pt x 752.812
5pt>
File: ./images/Intel_Neuronal_Compute_Stick2_back.png Graphic file (type png)
<use ./images/Intel_Neuronal_Compute_Stick2_back.png>
Package pdftex.def Info: ./images/Intel_Neuronal_Compute_Stick2_back.png  used 
on input line 196.
(pdftex.def)             Requested size: 218.51521pt x 109.25266pt.
 [82 <./images/Google_Coral_TPU_Accelerator_front.pdf> <./images/Google_Coral_T
PU_Accelerator_back.pdf>] [83 <./images/Intel_Neuronal_Compute_Stick2_front.png
> <./images/Intel_Neuronal_Compute_Stick2_back.png>] [84]
<./images/Komponenten_der_Drohne_Diagramm_v1_en.pdf, id=1243, 4076.22874pt x 18
85.0425pt>
File: ./images/Komponenten_der_Drohne_Diagramm_v1_en.pdf Graphic file (type pdf
)
<use ./images/Komponenten_der_Drohne_Diagramm_v1_en.pdf>
Package pdftex.def Info: ./images/Komponenten_der_Drohne_Diagramm_v1_en.pdf  us
ed on input line 282.
(pdftex.def)             Requested size: 455.24411pt x 210.51929pt.
 [85 <./images/Komponenten_der_Drohne_Diagramm_v1_en.pdf>]
<./images/Videobrille_mit_Videograbber.jpg, id=1283, 4111.36pt x 3083.52pt>
File: ./images/Videobrille_mit_Videograbber.jpg Graphic file (type jpg)
<use ./images/Videobrille_mit_Videograbber.jpg>
Package pdftex.def Info: ./images/Videobrille_mit_Videograbber.jpg  used on inp
ut line 361.
(pdftex.def)             Requested size: 455.24411pt x 341.39963pt.
 [86] [87 <./images/Videobrille_mit_Videograbber.jpg>] [88]) [89]
\openout2 = `chapter05.aux'.

 (./chapter05.tex [90





]
chapter 5.
[91] [92] [93] [94]
<./images/INAV_Mission_Control_Demo_Example.png, id=1375, 1927.2pt x 1051.93pt>

File: ./images/INAV_Mission_Control_Demo_Example.png Graphic file (type png)
<use ./images/INAV_Mission_Control_Demo_Example.png>
Package pdftex.def Info: ./images/INAV_Mission_Control_Demo_Example.png  used o
n input line 251.
(pdftex.def)             Requested size: 455.24411pt x 248.48767pt.
 [95 <./images/INAV_Mission_Control_Demo_Example.png>]
[96]
<./images/INAV_Mission_Control_Elevation_Profile.png, id=1389, 1927.2pt x 1051.
93pt>
File: ./images/INAV_Mission_Control_Elevation_Profile.png Graphic file (type pn
g)
<use ./images/INAV_Mission_Control_Elevation_Profile.png>
Package pdftex.def Info: ./images/INAV_Mission_Control_Elevation_Profile.png  u
sed on input line 332.
(pdftex.def)             Requested size: 455.24411pt x 248.48767pt.
 [97 <./images/INAV_Mission_Control_Elevation_Profile.png>]
<./images/INAV_Stick_Commands.png, id=1399, 8221.71625pt x 5155.26pt>
File: ./images/INAV_Stick_Commands.png Graphic file (type png)
<use ./images/INAV_Stick_Commands.png>
Package pdftex.def Info: ./images/INAV_Stick_Commands.png  used on input line 3
70.
(pdftex.def)             Requested size: 455.24411pt x 285.38875pt.
 [98 <./images/INAV_Stick_Commands.png>]) [99]
\openout2 = `chapter06.aux'.

 (./chapter06.tex [100





]
chapter 6.
[101] [102]) [103]
\openout2 = `chapter07.aux'.

 (./chapter07.tex [104





]
chapter 7.
<./images/Servomotor_IMG_5092.jpg, id=1451, 1720.4275pt x 1290.8225pt>
File: ./images/Servomotor_IMG_5092.jpg Graphic file (type jpg)
<use ./images/Servomotor_IMG_5092.jpg>
Package pdftex.def Info: ./images/Servomotor_IMG_5092.jpg  used on input line 5
0.
(pdftex.def)             Requested size: 455.24411pt x 341.55423pt.
[105] [106 <./images/Servomotor_IMG_5092.jpg>]) [107]
\openout2 = `chapter08.aux'.

 (./chapter08.tex [108





]
chapter 8.

Package hyperref Warning: Token not allowed in a PDF string (Unicode):
(hyperref)                removing `\leavevmode@ifvmode' on input line 3.


Package hyperref Warning: Token not allowed in a PDF string (Unicode):
(hyperref)                \kern 1.82538pt
(hyperref)                removed on input line 3.

<./images/StereoVision_Contraption.jpg, id=1476, 815.9283pt x 611.886pt>
File: ./images/StereoVision_Contraption.jpg Graphic file (type jpg)
<use ./images/StereoVision_Contraption.jpg>
Package pdftex.def Info: ./images/StereoVision_Contraption.jpg  used on input l
ine 45.
(pdftex.def)             Requested size: 455.24411pt x 341.40271pt.
[109] [110 <./images/StereoVision_Contraption.JPG>] [111{/usr/share/texmf/fonts
/enc/dvips/lm/lm-mathex.enc}]
<./images/Stereo_Vision_Charuco.png, id=1499, 749.80125pt x 339.2675pt>
File: ./images/Stereo_Vision_Charuco.png Graphic file (type png)
<use ./images/Stereo_Vision_Charuco.png>
Package pdftex.def Info: ./images/Stereo_Vision_Charuco.png  used on input line
 170.
(pdftex.def)             Requested size: 455.24411pt x 205.98997pt.
<./images/Stereo_Vision_Detected_ChArUco.jpg, id=1501, 642.4pt x 481.8pt>
File: ./images/Stereo_Vision_Detected_ChArUco.jpg Graphic file (type jpg)
<use ./images/Stereo_Vision_Detected_ChArUco.jpg>
Package pdftex.def Info: ./images/Stereo_Vision_Detected_ChArUco.jpg  used on i
nput line 196.
(pdftex.def)             Requested size: 455.24411pt x 341.4408pt.
 [112 <./images/Stereo_Vision_Charuco.png (PNG copy)>] [113 <./images/Stereo_Vi
sion_Detected_ChArUco.jpg>] [114]
Overfull \hbox (10.57149pt too wide) in paragraph at lines 325--326
[][][][][][][][][][][] 
 []

[115] [116] [117]

LaTeX Warning: Command \textperiodcentered invalid in math mode on input line 4
61.


LaTeX Warning: Command \textperiodcentered invalid in math mode on input line 4
61.

[118] [119] [120]) [121] (./main.aux (./chapter00.aux) (./chapter01.aux)
(./chapter02.aux) (./chapter03.aux) (./chapter04.aux) (./chapter05.aux)
(./chapter06.aux) (./chapter07.aux) (./chapter08.aux))
 ***********
LaTeX2e <2025-11-01>
L3 programming layer <2025-11-14>
 ***********
 ) 
Here is how much of TeX's memory you used:
 30219 strings out of 469393
 574252 string characters out of 5466137
 1288648 words of memory out of 5000000
 57442 multiletter control sequences out of 15000+600000
 738005 words of font info for 264 fonts, out of 8000000 for 9000
 64 hyphenation exceptions out of 8191
 108i,20n,122p,11207b,1423s stack positions out of 10000i,1000n,20000p,200000b,200000s
</usr/share/texlive/texmf-dist/fonts/type1/public/eurosym/feymr10.pfb></usr/s
hare/texmf/fonts/type1/public/lm/lmbx10.pfb></usr/share/texmf/fonts/type1/publi
c/lm/lmbx12.pfb></usr/share/texmf/fonts/type1/public/lm/lmex10.pfb></usr/share/
texmf/fonts/type1/public/lm/lmmi10.pfb></usr/share/texmf/fonts/type1/public/lm/
lmmi8.pfb></usr/share/texmf/fonts/type1/public/lm/lmr10.pfb></usr/share/texmf/f
onts/type1/public/lm/lmr12.pfb></usr/share/texmf/fonts/type1/public/lm/lmr6.pfb
></usr/share/texmf/fonts/type1/public/lm/lmr8.pfb></usr/share/texmf/fonts/type1
/public/lm/lmr9.pfb></usr/share/texmf/fonts/type1/public/lm/lmro10.pfb></usr/sh
are/texmf/fonts/type1/public/lm/lmss10.pfb></usr/share/texmf/fonts/type1/public
/lm/lmssbx10.pfb></usr/share/texmf/fonts/type1/public/lm/lmsso10.pfb></usr/shar
e/texmf/fonts/type1/public/lm/lmsy10.pfb></usr/share/texmf/fonts/type1/public/l
m/lmsy8.pfb></usr/share/texmf/fonts/type1/public/lm/lmtt10.pfb></usr/share/texm
f/fonts/type1/public/lm/lmtto10.pfb>
Output written on main.pdf (128 pages, 70144597 bytes).
PDF statistics:
 2102 PDF objects out of 2487 (max. 8388607)
 1746 compressed objects within 18 object streams
 600 named destinations out of 1000 (max. 500000)
 63990 words of extra memory for PDF output out of 74296 (max. 10000000)

